[ +257 ms] Artifact Instance of 'MaterialFonts' is not required, skipping update.
[        ] Artifact Instance of 'GradleWrapper' is not required, skipping update.
[        ] Artifact Instance of 'AndroidGenSnapshotArtifacts' is not required, skipping update.
[        ] Artifact Instance of 'AndroidInternalBuildArtifacts' is not required, skipping update.
[        ] Artifact Instance of 'IOSEngineArtifacts' is not required, skipping update.
[        ] Artifact Instance of 'FlutterWebSdk' is not required, skipping update.
[   +2 ms] Artifact Instance of 'LegacyCanvasKitRemover' is not required, skipping update.
[        ] Artifact Instance of 'FlutterSdk' is not required, skipping update.
[        ] Artifact Instance of 'WindowsEngineArtifacts' is not required, skipping update.
[        ] Artifact Instance of 'MacOSEngineArtifacts' is not required, skipping update.
[        ] Artifact Instance of 'LinuxEngineArtifacts' is not required, skipping update.
[        ] Artifact Instance of 'LinuxFuchsiaSDKArtifacts' is not required, skipping update.
[        ] Artifact Instance of 'MacOSFuchsiaSDKArtifacts' is not required, skipping update.
[        ] Artifact Instance of 'FlutterRunnerSDKArtifacts' is not required, skipping update.
[        ] Artifact Instance of 'FlutterRunnerDebugSymbols' is not required, skipping update.
[        ] Artifact Instance of 'IosUsbArtifacts' is not required, skipping update.
[        ] Artifact Instance of 'IosUsbArtifacts' is not required, skipping update.
[        ] Artifact Instance of 'IosUsbArtifacts' is not required, skipping update.
[        ] Artifact Instance of 'IosUsbArtifacts' is not required, skipping update.
[        ] Artifact Instance of 'IosUsbArtifacts' is not required, skipping update.
[        ] Artifact Instance of 'IosUsbArtifacts' is not required, skipping update.
[        ] Artifact Instance of 'FontSubsetArtifacts' is not required, skipping update.
[        ] Artifact Instance of 'PubDependencies' is not required, skipping update.
[        ] executing: [C:\flutter/] git -c log.showSignature=false log HEAD -n 1 --pretty=format:%ad --date=iso
[ +160 ms] Exit code 0 from: git -c log.showSignature=false log HEAD -n 1 --pretty=format:%ad --date=iso
[        ] 2026-01-08 10:49:17 -0800
[  +30 ms] Artifact Instance of 'AndroidGenSnapshotArtifacts' is not required, skipping update.
[        ] Artifact Instance of 'AndroidInternalBuildArtifacts' is not required, skipping update.
[        ] Artifact Instance of 'IOSEngineArtifacts' is not required, skipping update.
[        ] Artifact Instance of 'FlutterWebSdk' is not required, skipping update.
[        ] Artifact Instance of 'FlutterEngineStamp' is not required, skipping update.
[        ] Artifact Instance of 'LegacyCanvasKitRemover' is not required, skipping update.
[   +4 ms] Artifact Instance of 'WindowsEngineArtifacts' is not required, skipping update.
[        ] Artifact Instance of 'MacOSEngineArtifacts' is not required, skipping update.
[        ] Artifact Instance of 'LinuxEngineArtifacts' is not required, skipping update.
[        ] Artifact Instance of 'LinuxFuchsiaSDKArtifacts' is not required, skipping update.
[        ] Artifact Instance of 'MacOSFuchsiaSDKArtifacts' is not required, skipping update.
[        ] Artifact Instance of 'FlutterRunnerSDKArtifacts' is not required, skipping update.
[        ] Artifact Instance of 'FlutterRunnerDebugSymbols' is not required, skipping update.
[  +93 ms] executing: C:\Users\gurol.sarioglu\AppData\Local\Android\sdk\platform-tools\adb.exe devices -l
[ +147 ms] List of devices attached
           emulator-5554          device product:sdk_gphone64_x86_64 model:sdk_gphone64_x86_64 device:emu64xa transport_id:3
[   +5 ms] C:\Users\gurol.sarioglu\AppData\Local\Android\sdk\platform-tools\adb.exe -s emulator-5554 shell getprop
[ +145 ms] Artifact Instance of 'AndroidInternalBuildArtifacts' is not required, skipping update.
[        ] Artifact Instance of 'IOSEngineArtifacts' is not required, skipping update.
[        ] Artifact Instance of 'FlutterWebSdk' is not required, skipping update.
[        ] Artifact Instance of 'FlutterEngineStamp' is not required, skipping update.
[        ] Artifact Instance of 'LegacyCanvasKitRemover' is not required, skipping update.
[   +3 ms] Artifact Instance of 'WindowsEngineArtifacts' is not required, skipping update.
[        ] Artifact Instance of 'MacOSEngineArtifacts' is not required, skipping update.
[        ] Artifact Instance of 'LinuxEngineArtifacts' is not required, skipping update.
[        ] Artifact Instance of 'LinuxFuchsiaSDKArtifacts' is not required, skipping update.
[        ] Artifact Instance of 'MacOSFuchsiaSDKArtifacts' is not required, skipping update.
[        ] Artifact Instance of 'FlutterRunnerSDKArtifacts' is not required, skipping update.
[        ] Artifact Instance of 'FlutterRunnerDebugSymbols' is not required, skipping update.
[ +135 ms] Skipping pub get: version match.
[  +33 ms] Found plugin integration_test at C:\flutter\packages\integration_test\
[ +115 ms] Found plugin sqflite at C:\Users\gurol.sarioglu\AppData\Local\Pub\Cache\hosted\pub.dev\sqflite-2.4.2\
[  +13 ms] Found plugin sqflite_darwin at C:\Users\gurol.sarioglu\AppData\Local\Pub\Cache\hosted\pub.dev\sqflite_darwin-2.4.2\
[   +8 ms] Found plugin sqflite_android at C:\Users\gurol.sarioglu\AppData\Local\Pub\Cache\hosted\pub.dev\sqflite_android-2.4.2+2\
[   +3 ms] Found plugin shared_preferences at C:\Users\gurol.sarioglu\AppData\Local\Pub\Cache\hosted\pub.dev\shared_preferences-2.5.4\
[   +2 ms] Found plugin shared_preferences_windows at C:\Users\gurol.sarioglu\AppData\Local\Pub\Cache\hosted\pub.dev\shared_preferences_windows-2.4.1\
[  +14 ms] Found plugin path_provider_windows at C:\Users\gurol.sarioglu\AppData\Local\Pub\Cache\hosted\pub.dev\path_provider_windows-2.3.0\
[  +14 ms] Found plugin shared_preferences_web at C:\Users\gurol.sarioglu\AppData\Local\Pub\Cache\hosted\pub.dev\shared_preferences_web-2.4.3\
[   +9 ms] Found plugin shared_preferences_linux at C:\Users\gurol.sarioglu\AppData\Local\Pub\Cache\hosted\pub.dev\shared_preferences_linux-2.4.1\
[   +6 ms] Found plugin path_provider_linux at C:\Users\gurol.sarioglu\AppData\Local\Pub\Cache\hosted\pub.dev\path_provider_linux-2.2.1\
[   +7 ms] Found plugin shared_preferences_foundation at C:\Users\gurol.sarioglu\AppData\Local\Pub\Cache\hosted\pub.dev\shared_preferences_foundation-2.5.6\
[   +3 ms] Found plugin shared_preferences_android at C:\Users\gurol.sarioglu\AppData\Local\Pub\Cache\hosted\pub.dev\shared_preferences_android-2.4.18\
[   +3 ms] Found plugin record at C:\Users\gurol.sarioglu\AppData\Local\Pub\Cache\hosted\pub.dev\record-6.1.2\
[   +3 ms] Found plugin record_windows at C:\Users\gurol.sarioglu\AppData\Local\Pub\Cache\hosted\pub.dev\record_windows-1.0.7\
[   +5 ms] Found plugin record_web at C:\Users\gurol.sarioglu\AppData\Local\Pub\Cache\hosted\pub.dev\record_web-1.2.2\
[   +5 ms] Found plugin record_macos at C:\Users\gurol.sarioglu\AppData\Local\Pub\Cache\hosted\pub.dev\record_macos-1.1.2\
[   +2 ms] Found plugin record_linux at C:\Users\gurol.sarioglu\AppData\Local\Pub\Cache\hosted\pub.dev\record_linux-1.2.1\
[   +4 ms] Found plugin record_ios at C:\Users\gurol.sarioglu\AppData\Local\Pub\Cache\hosted\pub.dev\record_ios-1.1.5\
[   +2 ms] Found plugin record_android at C:\Users\gurol.sarioglu\AppData\Local\Pub\Cache\hosted\pub.dev\record_android-1.4.5\
[   +8 ms] Found plugin permission_handler at C:\Users\gurol.sarioglu\AppData\Local\Pub\Cache\hosted\pub.dev\permission_handler-11.4.0\
[   +3 ms] Found plugin permission_handler_windows at C:\Users\gurol.sarioglu\AppData\Local\Pub\Cache\hosted\pub.dev\permission_handler_windows-0.2.1\
[   +4 ms] Found plugin permission_handler_html at C:\Users\gurol.sarioglu\AppData\Local\Pub\Cache\hosted\pub.dev\permission_handler_html-0.1.3+5\
[   +2 ms] Found plugin permission_handler_apple at C:\Users\gurol.sarioglu\AppData\Local\Pub\Cache\hosted\pub.dev\permission_handler_apple-9.4.7\
[   +3 ms] Found plugin permission_handler_android at C:\Users\gurol.sarioglu\AppData\Local\Pub\Cache\hosted\pub.dev\permission_handler_android-12.1.0\
[   +2 ms] Found plugin path_provider at C:\Users\gurol.sarioglu\AppData\Local\Pub\Cache\hosted\pub.dev\path_provider-2.1.5\
[   +2 ms] Found plugin path_provider_foundation at C:\Users\gurol.sarioglu\AppData\Local\Pub\Cache\hosted\pub.dev\path_provider_foundation-2.6.0\
[  +15 ms] Found plugin path_provider_android at C:\Users\gurol.sarioglu\AppData\Local\Pub\Cache\hosted\pub.dev\path_provider_android-2.2.22\
[  +22 ms] Found plugin audioplayers at C:\Users\gurol.sarioglu\AppData\Local\Pub\Cache\hosted\pub.dev\audioplayers-5.2.1\
[   +2 ms] Found plugin audioplayers_windows at C:\Users\gurol.sarioglu\AppData\Local\Pub\Cache\hosted\pub.dev\audioplayers_windows-3.1.0\
[   +4 ms] Found plugin audioplayers_web at C:\Users\gurol.sarioglu\AppData\Local\Pub\Cache\hosted\pub.dev\audioplayers_web-4.1.0\
[   +4 ms] Found plugin audioplayers_linux at C:\Users\gurol.sarioglu\AppData\Local\Pub\Cache\hosted\pub.dev\audioplayers_linux-3.1.0\
[   +2 ms] Found plugin audioplayers_darwin at C:\Users\gurol.sarioglu\AppData\Local\Pub\Cache\hosted\pub.dev\audioplayers_darwin-5.0.2\
[   +1 ms] Found plugin audioplayers_android at C:\Users\gurol.sarioglu\AppData\Local\Pub\Cache\hosted\pub.dev\audioplayers_android-4.0.3\
[  +34 ms] Found plugin integration_test at C:\flutter\packages\integration_test\
[  +73 ms] Found plugin sqflite at C:\Users\gurol.sarioglu\AppData\Local\Pub\Cache\hosted\pub.dev\sqflite-2.4.2\
[   +8 ms] Found plugin sqflite_darwin at C:\Users\gurol.sarioglu\AppData\Local\Pub\Cache\hosted\pub.dev\sqflite_darwin-2.4.2\
[   +3 ms] Found plugin sqflite_android at C:\Users\gurol.sarioglu\AppData\Local\Pub\Cache\hosted\pub.dev\sqflite_android-2.4.2+2\
[   +3 ms] Found plugin shared_preferences at C:\Users\gurol.sarioglu\AppData\Local\Pub\Cache\hosted\pub.dev\shared_preferences-2.5.4\
[   +3 ms] Found plugin shared_preferences_windows at C:\Users\gurol.sarioglu\AppData\Local\Pub\Cache\hosted\pub.dev\shared_preferences_windows-2.4.1\
[   +4 ms] Found plugin path_provider_windows at C:\Users\gurol.sarioglu\AppData\Local\Pub\Cache\hosted\pub.dev\path_provider_windows-2.3.0\
[   +8 ms] Found plugin shared_preferences_web at C:\Users\gurol.sarioglu\AppData\Local\Pub\Cache\hosted\pub.dev\shared_preferences_web-2.4.3\
[   +7 ms] Found plugin shared_preferences_linux at C:\Users\gurol.sarioglu\AppData\Local\Pub\Cache\hosted\pub.dev\shared_preferences_linux-2.4.1\
[   +2 ms] Found plugin path_provider_linux at C:\Users\gurol.sarioglu\AppData\Local\Pub\Cache\hosted\pub.dev\path_provider_linux-2.2.1\
[   +4 ms] Found plugin shared_preferences_foundation at C:\Users\gurol.sarioglu\AppData\Local\Pub\Cache\hosted\pub.dev\shared_preferences_foundation-2.5.6\
[   +2 ms] Found plugin shared_preferences_android at C:\Users\gurol.sarioglu\AppData\Local\Pub\Cache\hosted\pub.dev\shared_preferences_android-2.4.18\
[   +2 ms] Found plugin record at C:\Users\gurol.sarioglu\AppData\Local\Pub\Cache\hosted\pub.dev\record-6.1.2\
[   +2 ms] Found plugin record_windows at C:\Users\gurol.sarioglu\AppData\Local\Pub\Cache\hosted\pub.dev\record_windows-1.0.7\
[   +4 ms] Found plugin record_web at C:\Users\gurol.sarioglu\AppData\Local\Pub\Cache\hosted\pub.dev\record_web-1.2.2\
[   +2 ms] Found plugin record_macos at C:\Users\gurol.sarioglu\AppData\Local\Pub\Cache\hosted\pub.dev\record_macos-1.1.2\
[   +2 ms] Found plugin record_linux at C:\Users\gurol.sarioglu\AppData\Local\Pub\Cache\hosted\pub.dev\record_linux-1.2.1\
[   +2 ms] Found plugin record_ios at C:\Users\gurol.sarioglu\AppData\Local\Pub\Cache\hosted\pub.dev\record_ios-1.1.5\
[   +1 ms] Found plugin record_android at C:\Users\gurol.sarioglu\AppData\Local\Pub\Cache\hosted\pub.dev\record_android-1.4.5\
[   +5 ms] Found plugin permission_handler at C:\Users\gurol.sarioglu\AppData\Local\Pub\Cache\hosted\pub.dev\permission_handler-11.4.0\
[   +2 ms] Found plugin permission_handler_windows at C:\Users\gurol.sarioglu\AppData\Local\Pub\Cache\hosted\pub.dev\permission_handler_windows-0.2.1\
[   +3 ms] Found plugin permission_handler_html at C:\Users\gurol.sarioglu\AppData\Local\Pub\Cache\hosted\pub.dev\permission_handler_html-0.1.3+5\
[   +2 ms] Found plugin permission_handler_apple at C:\Users\gurol.sarioglu\AppData\Local\Pub\Cache\hosted\pub.dev\permission_handler_apple-9.4.7\
[   +2 ms] Found plugin permission_handler_android at C:\Users\gurol.sarioglu\AppData\Local\Pub\Cache\hosted\pub.dev\permission_handler_android-12.1.0\
[   +2 ms] Found plugin path_provider at C:\Users\gurol.sarioglu\AppData\Local\Pub\Cache\hosted\pub.dev\path_provider-2.1.5\
[   +3 ms] Found plugin path_provider_foundation at C:\Users\gurol.sarioglu\AppData\Local\Pub\Cache\hosted\pub.dev\path_provider_foundation-2.6.0\
[  +16 ms] Found plugin path_provider_android at C:\Users\gurol.sarioglu\AppData\Local\Pub\Cache\hosted\pub.dev\path_provider_android-2.2.22\
[  +18 ms] Found plugin audioplayers at C:\Users\gurol.sarioglu\AppData\Local\Pub\Cache\hosted\pub.dev\audioplayers-5.2.1\
[   +2 ms] Found plugin audioplayers_windows at C:\Users\gurol.sarioglu\AppData\Local\Pub\Cache\hosted\pub.dev\audioplayers_windows-3.1.0\
[   +4 ms] Found plugin audioplayers_web at C:\Users\gurol.sarioglu\AppData\Local\Pub\Cache\hosted\pub.dev\audioplayers_web-4.1.0\
[   +4 ms] Found plugin audioplayers_linux at C:\Users\gurol.sarioglu\AppData\Local\Pub\Cache\hosted\pub.dev\audioplayers_linux-3.1.0\
[   +2 ms] Found plugin audioplayers_darwin at C:\Users\gurol.sarioglu\AppData\Local\Pub\Cache\hosted\pub.dev\audioplayers_darwin-5.0.2\
[   +2 ms] Found plugin audioplayers_android at C:\Users\gurol.sarioglu\AppData\Local\Pub\Cache\hosted\pub.dev\audioplayers_android-4.0.3\
[  +20 ms] Skipping generating web_plugin_registrant.dart because it is up-to-date.
[  +14 ms] Found plugin integration_test at C:\flutter\packages\integration_test\
[  +71 ms] Found plugin sqflite at C:\Users\gurol.sarioglu\AppData\Local\Pub\Cache\hosted\pub.dev\sqflite-2.4.2\
[   +9 ms] Found plugin sqflite_darwin at C:\Users\gurol.sarioglu\AppData\Local\Pub\Cache\hosted\pub.dev\sqflite_darwin-2.4.2\
[   +2 ms] Found plugin sqflite_android at C:\Users\gurol.sarioglu\AppData\Local\Pub\Cache\hosted\pub.dev\sqflite_android-2.4.2+2\
[   +2 ms] Found plugin shared_preferences at C:\Users\gurol.sarioglu\AppData\Local\Pub\Cache\hosted\pub.dev\shared_preferences-2.5.4\
[   +2 ms] Found plugin shared_preferences_windows at C:\Users\gurol.sarioglu\AppData\Local\Pub\Cache\hosted\pub.dev\shared_preferences_windows-2.4.1\
[   +3 ms] Found plugin path_provider_windows at C:\Users\gurol.sarioglu\AppData\Local\Pub\Cache\hosted\pub.dev\path_provider_windows-2.3.0\
[   +5 ms] Found plugin shared_preferences_web at C:\Users\gurol.sarioglu\AppData\Local\Pub\Cache\hosted\pub.dev\shared_preferences_web-2.4.3\
[   +4 ms] Found plugin shared_preferences_linux at C:\Users\gurol.sarioglu\AppData\Local\Pub\Cache\hosted\pub.dev\shared_preferences_linux-2.4.1\
[   +1 ms] Found plugin path_provider_linux at C:\Users\gurol.sarioglu\AppData\Local\Pub\Cache\hosted\pub.dev\path_provider_linux-2.2.1\
[   +4 ms] Found plugin shared_preferences_foundation at C:\Users\gurol.sarioglu\AppData\Local\Pub\Cache\hosted\pub.dev\shared_preferences_foundation-2.5.6\
[   +1 ms] Found plugin shared_preferences_android at C:\Users\gurol.sarioglu\AppData\Local\Pub\Cache\hosted\pub.dev\shared_preferences_android-2.4.18\
[   +1 ms] Found plugin record at C:\Users\gurol.sarioglu\AppData\Local\Pub\Cache\hosted\pub.dev\record-6.1.2\
[   +1 ms] Found plugin record_windows at C:\Users\gurol.sarioglu\AppData\Local\Pub\Cache\hosted\pub.dev\record_windows-1.0.7\
[   +3 ms] Found plugin record_web at C:\Users\gurol.sarioglu\AppData\Local\Pub\Cache\hosted\pub.dev\record_web-1.2.2\
[   +2 ms] Found plugin record_macos at C:\Users\gurol.sarioglu\AppData\Local\Pub\Cache\hosted\pub.dev\record_macos-1.1.2\
[   +1 ms] Found plugin record_linux at C:\Users\gurol.sarioglu\AppData\Local\Pub\Cache\hosted\pub.dev\record_linux-1.2.1\
[   +1 ms] Found plugin record_ios at C:\Users\gurol.sarioglu\AppData\Local\Pub\Cache\hosted\pub.dev\record_ios-1.1.5\
[   +1 ms] Found plugin record_android at C:\Users\gurol.sarioglu\AppData\Local\Pub\Cache\hosted\pub.dev\record_android-1.4.5\
[   +4 ms] Found plugin permission_handler at C:\Users\gurol.sarioglu\AppData\Local\Pub\Cache\hosted\pub.dev\permission_handler-11.4.0\
[   +2 ms] Found plugin permission_handler_windows at C:\Users\gurol.sarioglu\AppData\Local\Pub\Cache\hosted\pub.dev\permission_handler_windows-0.2.1\
[   +2 ms] Found plugin permission_handler_html at C:\Users\gurol.sarioglu\AppData\Local\Pub\Cache\hosted\pub.dev\permission_handler_html-0.1.3+5\
[   +2 ms] Found plugin permission_handler_apple at C:\Users\gurol.sarioglu\AppData\Local\Pub\Cache\hosted\pub.dev\permission_handler_apple-9.4.7\
[   +4 ms] Found plugin permission_handler_android at C:\Users\gurol.sarioglu\AppData\Local\Pub\Cache\hosted\pub.dev\permission_handler_android-12.1.0\
[   +2 ms] Found plugin path_provider at C:\Users\gurol.sarioglu\AppData\Local\Pub\Cache\hosted\pub.dev\path_provider-2.1.5\
[   +3 ms] Found plugin path_provider_foundation at C:\Users\gurol.sarioglu\AppData\Local\Pub\Cache\hosted\pub.dev\path_provider_foundation-2.6.0\
[  +21 ms] Found plugin path_provider_android at C:\Users\gurol.sarioglu\AppData\Local\Pub\Cache\hosted\pub.dev\path_provider_android-2.2.22\
[  +23 ms] Found plugin audioplayers at C:\Users\gurol.sarioglu\AppData\Local\Pub\Cache\hosted\pub.dev\audioplayers-5.2.1\
[   +2 ms] Found plugin audioplayers_windows at C:\Users\gurol.sarioglu\AppData\Local\Pub\Cache\hosted\pub.dev\audioplayers_windows-3.1.0\
[   +3 ms] Found plugin audioplayers_web at C:\Users\gurol.sarioglu\AppData\Local\Pub\Cache\hosted\pub.dev\audioplayers_web-4.1.0\
[   +3 ms] Found plugin audioplayers_linux at C:\Users\gurol.sarioglu\AppData\Local\Pub\Cache\hosted\pub.dev\audioplayers_linux-3.1.0\
[   +1 ms] Found plugin audioplayers_darwin at C:\Users\gurol.sarioglu\AppData\Local\Pub\Cache\hosted\pub.dev\audioplayers_darwin-5.0.2\
[   +1 ms] Found plugin audioplayers_android at C:\Users\gurol.sarioglu\AppData\Local\Pub\Cache\hosted\pub.dev\audioplayers_android-4.0.3\
[  +13 ms] Generating Y:\okuma\readhero\android\app\src\main\java\io\flutter\plugins\GeneratedPluginRegistrant.java
[   +2 ms] Skipping generating GeneratedPluginRegistrant.java because it is up-to-date.
[   +8 ms] Skipping generating generated_plugin_registrant.h because it is up-to-date.
[   +2 ms] Skipping generating generated_plugin_registrant.cc because it is up-to-date.
[   +2 ms] Skipping generating generated_plugins.cmake because it is up-to-date.
[   +3 ms] Skipping generating generated_plugin_registrant.h because it is up-to-date.
[   +2 ms] Skipping generating generated_plugin_registrant.cc because it is up-to-date.
[   +3 ms] Skipping generating generated_plugins.cmake because it is up-to-date.
[   +3 ms] Skipping generating GeneratedPluginRegistrant.h because it is up-to-date.
[   +2 ms] Skipping generating GeneratedPluginRegistrant.m because it is up-to-date.
[   +2 ms] Skipping generating GeneratedPluginRegistrant.swift because it is up-to-date.
[  +73 ms] ro.hardware = ranchu
[ +102 ms] Initializing file store
[  +15 ms] Skipping target: gen_localizations
[   +7 ms] gen_dart_plugin_registrant: Starting due to {InvalidatedReasonKind.inputChanged: The following inputs have updated contents: Y:\okuma\readhero\.dart_tool\package_config.json,Y:\okuma\readhero\.dart_tool\flutter_build\dart_plugin_registrant.dart}
[  +94 ms] Found plugin integration_test at C:\flutter\packages\integration_test\
[ +135 ms] Found plugin sqflite at C:\Users\gurol.sarioglu\AppData\Local\Pub\Cache\hosted\pub.dev\sqflite-2.4.2\
[  +15 ms] Found plugin sqflite_darwin at C:\Users\gurol.sarioglu\AppData\Local\Pub\Cache\hosted\pub.dev\sqflite_darwin-2.4.2\
[   +3 ms] Found plugin sqflite_android at C:\Users\gurol.sarioglu\AppData\Local\Pub\Cache\hosted\pub.dev\sqflite_android-2.4.2+2\
[   +4 ms] Found plugin shared_preferences at C:\Users\gurol.sarioglu\AppData\Local\Pub\Cache\hosted\pub.dev\shared_preferences-2.5.4\
[   +3 ms] Found plugin shared_preferences_windows at C:\Users\gurol.sarioglu\AppData\Local\Pub\Cache\hosted\pub.dev\shared_preferences_windows-2.4.1\
[   +5 ms] Found plugin path_provider_windows at C:\Users\gurol.sarioglu\AppData\Local\Pub\Cache\hosted\pub.dev\path_provider_windows-2.3.0\
[   +7 ms] Found plugin shared_preferences_web at C:\Users\gurol.sarioglu\AppData\Local\Pub\Cache\hosted\pub.dev\shared_preferences_web-2.4.3\
[  +20 ms] Found plugin shared_preferences_linux at C:\Users\gurol.sarioglu\AppData\Local\Pub\Cache\hosted\pub.dev\shared_preferences_linux-2.4.1\
[   +6 ms] Found plugin path_provider_linux at C:\Users\gurol.sarioglu\AppData\Local\Pub\Cache\hosted\pub.dev\path_provider_linux-2.2.1\
[   +6 ms] Found plugin shared_preferences_foundation at C:\Users\gurol.sarioglu\AppData\Local\Pub\Cache\hosted\pub.dev\shared_preferences_foundation-2.5.6\
[   +3 ms] Found plugin shared_preferences_android at C:\Users\gurol.sarioglu\AppData\Local\Pub\Cache\hosted\pub.dev\shared_preferences_android-2.4.18\
[   +4 ms] Found plugin record at C:\Users\gurol.sarioglu\AppData\Local\Pub\Cache\hosted\pub.dev\record-6.1.2\
[   +3 ms] Found plugin record_windows at C:\Users\gurol.sarioglu\AppData\Local\Pub\Cache\hosted\pub.dev\record_windows-1.0.7\
[   +4 ms] Found plugin record_web at C:\Users\gurol.sarioglu\AppData\Local\Pub\Cache\hosted\pub.dev\record_web-1.2.2\
[   +2 ms] Found plugin record_macos at C:\Users\gurol.sarioglu\AppData\Local\Pub\Cache\hosted\pub.dev\record_macos-1.1.2\
[   +3 ms] Found plugin record_linux at C:\Users\gurol.sarioglu\AppData\Local\Pub\Cache\hosted\pub.dev\record_linux-1.2.1\
[   +3 ms] Found plugin record_ios at C:\Users\gurol.sarioglu\AppData\Local\Pub\Cache\hosted\pub.dev\record_ios-1.1.5\
[   +2 ms] Found plugin record_android at C:\Users\gurol.sarioglu\AppData\Local\Pub\Cache\hosted\pub.dev\record_android-1.4.5\
[   +6 ms] Found plugin permission_handler at C:\Users\gurol.sarioglu\AppData\Local\Pub\Cache\hosted\pub.dev\permission_handler-11.4.0\
[   +2 ms] Found plugin permission_handler_windows at C:\Users\gurol.sarioglu\AppData\Local\Pub\Cache\hosted\pub.dev\permission_handler_windows-0.2.1\
[   +6 ms] Found plugin permission_handler_html at C:\Users\gurol.sarioglu\AppData\Local\Pub\Cache\hosted\pub.dev\permission_handler_html-0.1.3+5\
[   +2 ms] Found plugin permission_handler_apple at C:\Users\gurol.sarioglu\AppData\Local\Pub\Cache\hosted\pub.dev\permission_handler_apple-9.4.7\
[   +2 ms] Found plugin permission_handler_android at C:\Users\gurol.sarioglu\AppData\Local\Pub\Cache\hosted\pub.dev\permission_handler_android-12.1.0\
[   +2 ms] Found plugin path_provider at C:\Users\gurol.sarioglu\AppData\Local\Pub\Cache\hosted\pub.dev\path_provider-2.1.5\
[   +2 ms] Found plugin path_provider_foundation at C:\Users\gurol.sarioglu\AppData\Local\Pub\Cache\hosted\pub.dev\path_provider_foundation-2.6.0\
[  +21 ms] Found plugin path_provider_android at C:\Users\gurol.sarioglu\AppData\Local\Pub\Cache\hosted\pub.dev\path_provider_android-2.2.22\
[  +25 ms] Found plugin audioplayers at C:\Users\gurol.sarioglu\AppData\Local\Pub\Cache\hosted\pub.dev\audioplayers-5.2.1\
[   +2 ms] Found plugin audioplayers_windows at C:\Users\gurol.sarioglu\AppData\Local\Pub\Cache\hosted\pub.dev\audioplayers_windows-3.1.0\
[   +4 ms] Found plugin audioplayers_web at C:\Users\gurol.sarioglu\AppData\Local\Pub\Cache\hosted\pub.dev\audioplayers_web-4.1.0\
[   +3 ms] Found plugin audioplayers_linux at C:\Users\gurol.sarioglu\AppData\Local\Pub\Cache\hosted\pub.dev\audioplayers_linux-3.1.0\
[   +2 ms] Found plugin audioplayers_darwin at C:\Users\gurol.sarioglu\AppData\Local\Pub\Cache\hosted\pub.dev\audioplayers_darwin-5.0.2\
[   +1 ms] Found plugin audioplayers_android at C:\Users\gurol.sarioglu\AppData\Local\Pub\Cache\hosted\pub.dev\audioplayers_android-4.0.3\
[   +8 ms] Skipping generating dart_plugin_registrant.dart because it is up-to-date.
[        ] gen_dart_plugin_registrant: Complete
[   +8 ms] Skipping target: _composite
[   +1 ms] complete
[   +7 ms] Launching lib\main.dart on sdk gphone64 x86 64 in debug mode...
[   +3 ms] C:\flutter\bin\cache\dart-sdk\bin\dartaotruntime.exe C:\flutter\bin\cache\dart-sdk\bin\snapshots\frontend_server_aot.dart.snapshot --sdk-root C:\flutter\bin\cache\artifacts\engine\common\flutter_patched_sdk/ --incremental --target=flutter --experimental-emit-debug-metadata -DFLUTTER_VERSION=3.38.6 -DFLUTTER_CHANNEL=stable -DFLUTTER_GIT_URL=https://github.com/flutter/flutter.git -DFLUTTER_FRAMEWORK_REVISION=8b87286849 -DFLUTTER_ENGINE_REVISION=78fc3012e4 -DFLUTTER_DART_VERSION=3.10.7 --output-dill C:\Users\GUROL~1.SAR\AppData\Local\Temp\flutter_tools.34fd3cf8\flutter_tool.77156031\app.dill --packages Y:\okuma\readhero\.dart_tool\package_config.json -Ddart.vm.profile=false -Ddart.vm.product=false --enable-asserts --track-widget-creation --filesystem-scheme org-dartlang-root --initialize-from-dill build\3db25abb13e29dfd86c6b9b67f5bf79a.cache.dill.track.dill --source file:///Y:/okuma/readhero/.dart_tool/flutter_build/dart_plugin_registrant.dart --source package:flutter/src/dart_plugin_registrant.dart -Dflutter.dart_plugin_registrant=file:///Y:/okuma/readhero/.dart_tool/flutter_build/dart_plugin_registrant.dart --verbosity=error --enable-experiment=alternative-invalidation-strategy
[  +27 ms] executing: C:\Users\gurol.sarioglu\AppData\Local\Android\sdk\platform-tools\adb.exe -s emulator-5554 shell -x logcat -v time -t 1
[  +43 ms] <- compile package:readhero/main.dart
[ +181 ms] --------- beginning of main
           01-16 10:43:39.526 D/SatelliteController( 1446): getCarrierRoamingNtnConnectType: Falling back to global carrier config connect type: 0
[  +12 ms] executing: C:\Users\gurol.sarioglu\AppData\Local\Android\sdk\platform-tools\adb.exe version
[ +110 ms] Android Debug Bridge version 1.0.41
           Version 36.0.2-14143358
           Installed as C:\Users\gurol.sarioglu\AppData\Local\Android\sdk\platform-tools\adb.exe
           Running on Windows 10.0.26200
[   +1 ms] executing: C:\Users\gurol.sarioglu\AppData\Local\Android\sdk\platform-tools\adb.exe start-server
[ +111 ms] Building APK
[  +12 ms] executing: C:\Program Files\Android\Android Studio\jbr\bin\java -version
[ +229 ms] Exit code 0 from: C:\Program Files\Android\Android Studio\jbr\bin\java -version
[        ] openjdk version "21.0.8" 2025-07-15
           OpenJDK Runtime Environment (build 21.0.8+-14196175-b1038.72)
           OpenJDK 64-Bit Server VM (build 21.0.8+-14196175-b1038.72, mixed mode)
[   +8 ms] Top-level Gradle build file not found, skipping migration of task "clean".
[   +2 ms] executing: C:\Program Files\Android\Android Studio\jbr\bin\java --version
[ +218 ms] Exit code 0 from: C:\Program Files\Android\Android Studio\jbr\bin\java --version
[        ] openjdk 21.0.8 2025-07-15
           OpenJDK Runtime Environment (build 21.0.8+-14196175-b1038.72)
           OpenJDK 64-Bit Server VM (build 21.0.8+-14196175-b1038.72, mixed mode)
[   +2 ms] Version of Java is different than impacted version, no migration attempted.
[  +16 ms] CMake project not found, skipping support Android 15 16k page size migration.
[   +5 ms] Using gradle from Y:\okuma\readhero\android\gradlew.bat.
[  +12 ms] LocalFile: 'Y:\okuma\readhero\android\build.gradle.kts' doesn't provide an AGP version. Checking settings.
[   +1 ms] LocalFile: 'Y:\okuma\readhero\android\settings.gradle.kts' provides AGP version: 8.11.1
[  +19 ms] Running Gradle task 'assembleDebug'...
[   +1 ms] executing: [Y:\okuma\readhero\android/] Y:\okuma\readhero\android\gradlew.bat --full-stacktrace --info -Pverbose=true -Ptarget-platform=android-x64 -Ptarget=Y:\okuma\readhero\lib\main.dart -Pbase-application-name=android.app.Application -Pdart-defines=RkxVVFRFUl9WRVJTSU9OPTMuMzguNg==,RkxVVFRFUl9DSEFOTkVMPXN0YWJsZQ==,RkxVVFRFUl9HSVRfVVJMPWh0dHBzOi8vZ2l0aHViLmNvbS9mbHV0dGVyL2ZsdXR0ZXIuZ2l0,RkxVVFRFUl9GUkFNRVdPUktfUkVWSVNJT049OGI4NzI4Njg0OQ==,RkxVVFRFUl9FTkdJTkVfUkVWSVNJT049NzhmYzMwMTJlNA==,RkxVVFRFUl9EQVJUX1ZFUlNJT049My4xMC43 -Pdart-obfuscation=false -Ptrack-widget-creation=true -Ptree-shake-icons=false -Pfilesystem-scheme=org-dartlang-root assembleDebug
[+1237 ms] Initialized native services in: C:\Users\gurol.sarioglu\.gradle\native
[        ] Initialized jansi services in: C:\Users\gurol.sarioglu\.gradle\native
[ +431 ms] The client will now receive all logging from the daemon (pid: 20888). The daemon log file: C:\Users\gurol.sarioglu\.gradle\daemon\8.14\daemon-20888.out.log
[  +92 ms] Starting 22nd build in daemon [uptime: 4 hrs 5 mins 51.7 secs, performance: 100%, GC rate: 0.00/s, heap usage: 0% of 8 GiB, non-heap usage: 3% of 4 GiB]
[        ] Using 12 worker leases.
[        ] Now considering [Y:\okuma\readhero\android, C:\flutter\packages\flutter_tools\gradle] as hierarchies to watch
[        ] Watching the file system is configured to be enabled if available
[ +107 ms] File system watching is active
[        ] Starting Build
[        ] Now considering [C:\flutter\packages\flutter_tools\gradle, Y:\okuma\readhero\android] as hierarchies to watch
[  +92 ms] > Configure project :gradle
[        ] Evaluating project ':gradle' using build file 'C:\flutter\packages\flutter_tools\gradle\build.gradle.kts'.
[        ] Resolved plugin [id: 'org.gradle.java-gradle-plugin']
[        ] Resolved plugin [id: 'org.gradle.groovy']
[        ] Resolved plugin [id: 'org.gradle.kotlin.kotlin-dsl', version: '5.2.0']
[        ] Resolved plugin [id: 'org.jetbrains.kotlin.jvm', version: '1.9.20']
[        ] Using Kotlin Gradle Plugin gradle85 variant
[        ] kotlin scripting plugin: created the scripting discovery configuration: kotlinScriptDef
[        ] kotlin scripting plugin: created the scripting discovery configuration: testKotlinScriptDef
[        ] file or directory 'C:\flutter\packages\flutter_tools\gradle\src\main\java', not found
[        ] Resolved plugin [id: 'dev.flutter.flutter-plugin-loader', version: '1.0.0']
[        ] Resolved plugin [id: 'com.android.application', version: '8.11.1', apply: false]
[        ] Resolved plugin [id: 'org.jetbrains.kotlin.android', version: '2.2.20', apply: false]
[ +106 ms] Resolve mutations for :gradle:checkKotlinGradlePluginConfigurationErrors (Thread[#3475,Execution worker,5,main]) started.
[        ] :gradle:checkKotlinGradlePluginConfigurationErrors (Thread[#3475,Execution worker,5,main]) started.
[        ] > Task :gradle:checkKotlinGradlePluginConfigurationErrors SKIPPED
[        ] Skipping task ':gradle:checkKotlinGradlePluginConfigurationErrors' as task onlyIf 'errorDiagnostics are present' is false.
[        ] Resolve mutations for :gradle:compileKotlin (Thread[#3475,Execution worker,5,main]) started.
[        ] :gradle:compileKotlin (Thread[#3475,Execution worker,5,main]) started.
[        ] > Task :gradle:compileKotlin UP-TO-DATE
[        ] Caching disabled for task ':gradle:compileKotlin' because:
[        ]   Build cache is disabled
[        ] Skipping task ':gradle:compileKotlin' as it is up-to-date.
[        ] Resolve mutations for :gradle:compileJava (Thread[#3475,Execution worker,5,main]) started.
[        ] :gradle:compileJava (Thread[#3475,Execution worker,5,main]) started.
[        ] > Task :gradle:compileJava NO-SOURCE
[        ] Skipping task ':gradle:compileJava' as it has no source files and no previous output files.
[        ] Resolve mutations for :gradle:compileGroovy (Thread[#3475,Execution worker,5,main]) started.
[        ] :gradle:compileGroovy (Thread[#3475,Execution worker,5,main]) started.
[        ] > Task :gradle:compileGroovy NO-SOURCE
[        ] Skipping task ':gradle:compileGroovy' as it has no source files and no previous output files.
[        ] Resolve mutations for :gradle:pluginDescriptors (Thread[#3475,Execution worker,5,main]) started.
[        ] :gradle:pluginDescriptors (Thread[#3486,Execution worker Thread 11,5,main]) started.
[        ] > Task :gradle:pluginDescriptors UP-TO-DATE
[        ] Caching disabled for task ':gradle:pluginDescriptors' because:
[        ]   Build cache is disabled
[        ]   Not worth caching
[        ] Skipping task ':gradle:pluginDescriptors' as it is up-to-date.
[        ] Resolve mutations for :gradle:processResources (Thread[#3486,Execution worker Thread 11,5,main]) started.
[        ] :gradle:processResources (Thread[#3486,Execution worker Thread 11,5,main]) started.
[        ] > Task :gradle:processResources UP-TO-DATE
[        ] Caching disabled for task ':gradle:processResources' because:
[        ]   Build cache is disabled
[        ]   Not worth caching
[        ] Skipping task ':gradle:processResources' as it is up-to-date.
[        ] Resolve mutations for :gradle:classes (Thread[#3486,Execution worker Thread 11,5,main]) started.
[        ] :gradle:classes (Thread[#3486,Execution worker Thread 11,5,main]) started.
[        ] > Task :gradle:classes UP-TO-DATE
[        ] Skipping task ':gradle:classes' as it has no actions.
[        ] Resolve mutations for :gradle:jar (Thread[#3486,Execution worker Thread 11,5,main]) started.
[        ] :gradle:jar (Thread[#3482,Execution worker Thread 7,5,main]) started.
[        ] > Task :gradle:jar UP-TO-DATE
[        ] Caching disabled for task ':gradle:jar' because:
[        ]   Build cache is disabled
[        ]   Not worth caching
[        ] Skipping task ':gradle:jar' as it is up-to-date.
[ +189 ms] Settings evaluated using settings file 'Y:\okuma\readhero\android\settings.gradle.kts'.
[        ] Projects loaded. Root project using build file 'Y:\okuma\readhero\android\build.gradle.kts'.
[        ] Included projects: [root project 'android', project ':app', project ':audioplayers_android', project ':integration_test', project ':path_provider_android', project ':permission_handler_android', project ':record_android', project ':shared_preferences_android', project ':sqflite_android']
[ +199 ms] > Configure project :app
[        ] Evaluating project ':app' using build file 'Y:\okuma\readhero\android\app\build.gradle.kts'.
[        ] Resolved plugin [id: 'com.android.application']
[        ] Resolved plugin [id: 'kotlin-android']
[        ] Resolved plugin [id: 'dev.flutter.flutter-gradle-plugin']
[        ] Using default execution profile
[        ] Build 37d0f9fe-43b3-4c27-87a6-829ad0ec4afc is started
[        ] Using Kotlin Gradle Plugin gradle813 variant
[        ] C/C++: android.ndkVersion from module build.gradle is [28.2.13676358]
[        ] C/C++: android.ndkPath from module build.gradle is not set
[        ] C/C++: ndk.dir in local.properties is not set
[        ] C/C++: Not considering ANDROID_NDK_HOME because support was removed after deprecation period.
[        ] C/C++: sdkFolder is C:\Users\gurol.sarioglu\AppData\Local\Android\sdk
[        ] C/C++: android.ndkVersion from module build.gradle is [28.2.13676358]
[        ] C/C++: android.ndkPath from module build.gradle is not set
[        ] C/C++: ndk.dir in local.properties is not set
[        ] C/C++: Not considering ANDROID_NDK_HOME because support was removed after deprecation period.
[        ] C/C++: sdkFolder is C:\Users\gurol.sarioglu\AppData\Local\Android\sdk
[        ] C/C++: android.ndkVersion from module build.gradle is [28.2.13676358]
[        ] C/C++: android.ndkPath from module build.gradle is not set
[        ] C/C++: ndk.dir in local.properties is not set
[        ] C/C++: Not considering ANDROID_NDK_HOME because support was removed after deprecation period.
[        ] C/C++: sdkFolder is C:\Users\gurol.sarioglu\AppData\Local\Android\sdk
[        ] C/C++: android.ndkVersion from module build.gradle is [28.2.13676358]
[        ] C/C++: android.ndkPath from module build.gradle is not set
[        ] C/C++: ndk.dir in local.properties is not set
[        ] C/C++: Not considering ANDROID_NDK_HOME because support was removed after deprecation period.
[        ] C/C++: sdkFolder is C:\Users\gurol.sarioglu\AppData\Local\Android\sdk
[        ] C/C++: android.ndkVersion from module build.gradle is [28.2.13676358]
[        ] C/C++: android.ndkPath from module build.gradle is not set
[        ] C/C++: ndk.dir in local.properties is not set
[        ] C/C++: Not considering ANDROID_NDK_HOME because support was removed after deprecation period.
[        ] C/C++: sdkFolder is C:\Users\gurol.sarioglu\AppData\Local\Android\sdk
[        ] C/C++: android.ndkVersion from module build.gradle is [28.2.13676358]
[        ] C/C++: android.ndkPath from module build.gradle is not set
[        ] C/C++: ndk.dir in local.properties is not set
[        ] C/C++: Not considering ANDROID_NDK_HOME because support was removed after deprecation period.
[        ] C/C++: sdkFolder is C:\Users\gurol.sarioglu\AppData\Local\Android\sdk
[        ] C/C++: android.ndkVersion from module build.gradle is [28.2.13676358]
[        ] C/C++: android.ndkPath from module build.gradle is not set
[        ] C/C++: ndk.dir in local.properties is not set
[        ] C/C++: Not considering ANDROID_NDK_HOME because support was removed after deprecation period.
[        ] C/C++: sdkFolder is C:\Users\gurol.sarioglu\AppData\Local\Android\sdk
[        ] C/C++: android.ndkVersion from module build.gradle is [28.2.13676358]
[        ] C/C++: android.ndkPath from module build.gradle is not set
[        ] C/C++: ndk.dir in local.properties is not set
[        ] C/C++: Not considering ANDROID_NDK_HOME because support was removed after deprecation period.
[        ] C/C++: sdkFolder is C:\Users\gurol.sarioglu\AppData\Local\Android\sdk
[        ] C/C++: android.ndkVersion from module build.gradle is [28.2.13676358]
[        ] C/C++: android.ndkPath from module build.gradle is not set
[        ] C/C++: ndk.dir in local.properties is not set
[        ] C/C++: Not considering ANDROID_NDK_HOME because support was removed after deprecation period.
[        ] C/C++: sdkFolder is C:\Users\gurol.sarioglu\AppData\Local\Android\sdk
[        ] C/C++: android.ndkVersion from module build.gradle is [28.2.13676358]
[        ] C/C++: android.ndkPath from module build.gradle is not set
[        ] C/C++: ndk.dir in local.properties is not set
[        ] C/C++: Not considering ANDROID_NDK_HOME because support was removed after deprecation period.
[        ] C/C++: sdkFolder is C:\Users\gurol.sarioglu\AppData\Local\Android\sdk
[        ] C/C++: android.ndkVersion from module build.gradle is [28.2.13676358]
[        ] C/C++: android.ndkPath from module build.gradle is not set
[        ] C/C++: ndk.dir in local.properties is not set
[        ] C/C++: Not considering ANDROID_NDK_HOME because support was removed after deprecation period.
[        ] C/C++: sdkFolder is C:\Users\gurol.sarioglu\AppData\Local\Android\sdk
[        ] C/C++: android.ndkVersion from module build.gradle is [28.2.13676358]
[        ] C/C++: android.ndkPath from module build.gradle is not set
[        ] C/C++: ndk.dir in local.properties is not set
[        ] C/C++: Not considering ANDROID_NDK_HOME because support was removed after deprecation period.
[        ] C/C++: sdkFolder is C:\Users\gurol.sarioglu\AppData\Local\Android\sdk
[        ] C/C++: android.ndkVersion from module build.gradle is [28.2.13676358]
[        ] C/C++: android.ndkPath from module build.gradle is not set
[        ] C/C++: ndk.dir in local.properties is not set
[        ] C/C++: Not considering ANDROID_NDK_HOME because support was removed after deprecation period.
[        ] C/C++: sdkFolder is C:\Users\gurol.sarioglu\AppData\Local\Android\sdk
[        ] C/C++: android.ndkVersion from module build.gradle is [28.2.13676358]
[        ] C/C++: android.ndkPath from module build.gradle is not set
[        ] C/C++: ndk.dir in local.properties is not set
[        ] C/C++: Not considering ANDROID_NDK_HOME because support was removed after deprecation period.
[        ] C/C++: sdkFolder is C:\Users\gurol.sarioglu\AppData\Local\Android\sdk
[        ] C/C++: android.ndkVersion from module build.gradle is [28.2.13676358]
[        ] C/C++: android.ndkPath from module build.gradle is not set
[        ] C/C++: ndk.dir in local.properties is not set
[        ] C/C++: Not considering ANDROID_NDK_HOME because support was removed after deprecation period.
[        ] C/C++: sdkFolder is C:\Users\gurol.sarioglu\AppData\Local\Android\sdk
[        ] C/C++: android.ndkVersion from module build.gradle is [28.2.13676358]
[        ] C/C++: android.ndkPath from module build.gradle is not set
[        ] C/C++: ndk.dir in local.properties is not set
[        ] C/C++: Not considering ANDROID_NDK_HOME because support was removed after deprecation period.
[        ] C/C++: sdkFolder is C:\Users\gurol.sarioglu\AppData\Local\Android\sdk
[        ] C/C++: android.ndkVersion from module build.gradle is [28.2.13676358]
[        ] C/C++: android.ndkPath from module build.gradle is not set
[        ] C/C++: ndk.dir in local.properties is not set
[        ] C/C++: Not considering ANDROID_NDK_HOME because support was removed after deprecation period.
[        ] C/C++: sdkFolder is C:\Users\gurol.sarioglu\AppData\Local\Android\sdk
[        ] C/C++: android.ndkVersion from module build.gradle is [28.2.13676358]
[        ] C/C++: android.ndkPath from module build.gradle is not set
[        ] C/C++: ndk.dir in local.properties is not set
[        ] C/C++: Not considering ANDROID_NDK_HOME because support was removed after deprecation period.
[        ] C/C++: sdkFolder is C:\Users\gurol.sarioglu\AppData\Local\Android\sdk
[        ] C/C++: android.ndkVersion from module build.gradle is [28.2.13676358]
[        ] C/C++: android.ndkPath from module build.gradle is not set
[        ] C/C++: ndk.dir in local.properties is not set
[        ] C/C++: Not considering ANDROID_NDK_HOME because support was removed after deprecation period.
[        ] C/C++: sdkFolder is C:\Users\gurol.sarioglu\AppData\Local\Android\sdk
[        ] > Configure project :
[        ] Evaluating root project 'android' using build file 'Y:\okuma\readhero\android\build.gradle.kts'.
[ +186 ms] > Configure project :audioplayers_android
[        ] Evaluating project ':audioplayers_android' using build file 'C:\Users\gurol.sarioglu\AppData\Local\Pub\Cache\hosted\pub.dev\audioplayers_android-4.0.3\android\build.gradle'.
[        ] Using default execution profile
[        ] Using Kotlin Gradle Plugin gradle813 variant
[  +92 ms] > Configure project :integration_test
[        ] Evaluating project ':integration_test' using build file 'C:\flutter\packages\integration_test\android\build.gradle.kts'.
[        ] Resolved plugin [id: 'com.android.library']
[        ] Using default execution profile
[ +103 ms] > Configure project :path_provider_android
[        ] Evaluating project ':path_provider_android' using build file 'C:\Users\gurol.sarioglu\AppData\Local\Pub\Cache\hosted\pub.dev\path_provider_android-2.2.22\android\build.gradle'.
[        ] Using default execution profile
[  +98 ms] > Configure project :permission_handler_android
[        ] Evaluating project ':permission_handler_android' using build file 'C:\Users\gurol.sarioglu\AppData\Local\Pub\Cache\hosted\pub.dev\permission_handler_android-12.1.0\android\build.gradle'.
[        ] Using default execution profile
[  +93 ms] > Configure project :record_android
[        ] Evaluating project ':record_android' using build file 'C:\Users\gurol.sarioglu\AppData\Local\Pub\Cache\hosted\pub.dev\record_android-1.4.5\android\build.gradle'.
[        ] Using default execution profile
[        ] Using Kotlin Gradle Plugin gradle813 variant
[  +12 ms] lib/views/student/ai_test_view.dart:27:23: Error: The getter 'isInitialized' isn't defined for the type 'AIController'.
[        ]  - 'AIController' is from 'package:readhero/controllers/ai_controller.dart' ('lib/controllers/ai_controller.dart').
[        ] Try correcting the name to the name of an existing getter, or defining a getter or field named 'isInitialized'.
[        ]     if (!aiController.isInitialized) {
[        ]                       ^^^^^^^^^^^^^
[        ] lib/views/student/ai_test_view.dart:28:26: Error: The method 'initialize' isn't defined for the type 'AIController'.
[        ]  - 'AIController' is from 'package:readhero/controllers/ai_controller.dart' ('lib/controllers/ai_controller.dart').
[        ] Try correcting the name to the name of an existing method, or defining a method named 'initialize'.
[        ]       await aiController.initialize();
[        ]                          ^^^^^^^^^^
[        ] lib/views/student/ai_test_view.dart:35:38: Error: The method 'generateStory' isn't defined for the type 'AIController'.
[        ]  - 'AIController' is from 'package:readhero/controllers/ai_controller.dart' ('lib/controllers/ai_controller.dart').
[        ] Try correcting the name to the name of an existing method, or defining a method named 'generateStory'.
[        ]     final story = await aiController.generateStory(
[        ]                                      ^^^^^^^^^^^^^
[        ] lib/views/student/ai_test_view.dart:45:31: Error: The getter 'errorMessage' isn't defined for the type 'AIController'.
[        ]  - 'AIController' is from 'package:readhero/controllers/ai_controller.dart' ('lib/controllers/ai_controller.dart').
[        ] Try correcting the name to the name of an existing getter, or defining a getter or field named 'errorMessage'.
[        ]       _showError(aiController.errorMessage ?? 'Hikaye oluşturulamadı');
[        ]                               ^^^^^^^^^^^^
[        ] lib/views/student/ai_test_view.dart:106:42: Error: The getter 'isInitialized' isn't defined for the type 'AIController'.
[        ]  - 'AIController' is from 'package:readhero/controllers/ai_controller.dart' ('lib/controllers/ai_controller.dart').
[        ] Try correcting the name to the name of an existing getter, or defining a getter or field named 'isInitialized'.
[        ]                             aiController.isInitialized
[        ]                                          ^^^^^^^^^^^^^
[        ] lib/views/student/ai_test_view.dart:109:49: Error: The getter 'isInitialized' isn't defined for the type 'AIController'.
[        ]  - 'AIController' is from 'package:readhero/controllers/ai_controller.dart' ('lib/controllers/ai_controller.dart').
[        ] Try correcting the name to the name of an existing getter, or defining a getter or field named 'isInitialized'.
[        ]                             color: aiController.isInitialized
[        ]                                                 ^^^^^^^^^^^^^
[        ] lib/views/student/ai_test_view.dart:115:42: Error: The getter 'isInitialized' isn't defined for the type 'AIController'.
[        ]  - 'AIController' is from 'package:readhero/controllers/ai_controller.dart' ('lib/controllers/ai_controller.dart').
[        ] Try correcting the name to the name of an existing getter, or defining a getter or field named 'isInitialized'.
[        ]                             aiController.isInitialized
[        ]                                          ^^^^^^^^^^^^^
[        ] lib/views/student/ai_test_view.dart:190:44: Error: The getter 'categories' isn't defined for the type 'AIController'.
[        ]  - 'AIController' is from 'package:readhero/controllers/ai_controller.dart' ('lib/controllers/ai_controller.dart').
[        ] Try correcting the name to the name of an existing getter, or defining a getter or field named 'categories'.
[        ]                     children: aiController.categories.map((category) {
[        ]                                            ^^^^^^^^^^
[        ] lib/views/student/ai_test_view.dart:232:45: Error: The getter 'isInitialized' isn't defined for the type 'AIController'.
[        ]  - 'AIController' is from 'package:readhero/controllers/ai_controller.dart' ('lib/controllers/ai_controller.dart').
[        ] Try correcting the name to the name of an existing getter, or defining a getter or field named 'isInitialized'.
[        ]                     onPressed: aiController.isInitialized ? () => _generateStory() : null,
[        ]                                             ^^^^^^^^^^^^^
[        ] lib/views/student/ai_test_view.dart:332:36: Error: The getter 'errorMessage' isn't defined for the type 'AIController'.
[        ]  - 'AIController' is from 'package:readhero/controllers/ai_controller.dart' ('lib/controllers/ai_controller.dart').
[        ] Try correcting the name to the name of an existing getter, or defining a getter or field named 'errorMessage'.
[        ]                   if (aiController.errorMessage != null) ...[
[        ]                                    ^^^^^^^^^^^^
[        ] lib/views/student/ai_test_view.dart:347:44: Error: The getter 'errorMessage' isn't defined for the type 'AIController'.
[        ]  - 'AIController' is from 'package:readhero/controllers/ai_controller.dart' ('lib/controllers/ai_controller.dart').
[        ] Try correcting the name to the name of an existing getter, or defining a getter or field named 'errorMessage'.
[        ]                               aiController.errorMessage!,
[        ]                                            ^^^^^^^^^^^^
[  +25 ms] lib/views/student/generate_story_view.dart:212:19: Error: No named parameter with the name 'fontSize'.
[        ]                   fontSize: 18,
[        ]                   ^^^^^^^^
[        ] lib/core/widgets/custom_button.dart:16:9: Context: Found this candidate, but the arguments don't match.
[        ]   const CustomButton({
[        ]         ^^^^^^^^^^^^
[  +61 ms] > Configure project :shared_preferences_android
[        ] Evaluating project ':shared_preferences_android' using build file 'C:\Users\gurol.sarioglu\AppData\Local\Pub\Cache\hosted\pub.dev\shared_preferences_android-2.4.18\android\build.gradle'.
[        ] Using default execution profile
[        ] Using Kotlin Gradle Plugin gradle813 variant
[        ] > Configure project :sqflite_android
[        ] Evaluating project ':sqflite_android' using build file 'C:\Users\gurol.sarioglu\AppData\Local\Pub\Cache\hosted\pub.dev\sqflite_android-2.4.2+2\android\build.gradle'.
[        ] Using default execution profile
[        ] All projects evaluated.
[        ] Task name matched 'assembleDebug'
[        ] Selected primary task 'assembleDebug' from project :
[        ] Adding -Xuse-inline-scopes-numbers Kotlin compiler flag for task :app:compileDebugKotlin
[ +194 ms] Tasks to be executed: [task ':app:DebugMinSdkCheck', task ':app:preBuild', task ':app:preDebugBuild', task ':app:mergeDebugNativeDebugMetadata', task ':app:checkKotlinGradlePluginConfigurationErrors', task ':app:compileFlutterBuildDebug', task ':app:packJniLibsflutterBuildDebug', task ':audioplayers_android:preBuild', task ':audioplayers_android:preDebugBuild', task ':audioplayers_android:writeDebugAarMetadata', task ':integration_test:preBuild', task ':integration_test:preDebugBuild', task ':integration_test:writeDebugAarMetadata', task ':path_provider_android:preBuild', task ':path_provider_android:preDebugBuild', task ':path_provider_android:writeDebugAarMetadata', task ':permission_handler_android:preBuild', task ':permission_handler_android:preDebugBuild', task ':permission_handler_android:writeDebugAarMetadata', task ':record_android:preBuild', task ':record_android:preDebugBuild', task ':record_android:writeDebugAarMetadata', task ':shared_preferences_android:preBuild', task ':shared_preferences_android:preDebugBuild', task ':shared_preferences_android:writeDebugAarMetadata', task ':sqflite_android:preBuild', task ':sqflite_android:preDebugBuild', task ':sqflite_android:writeDebugAarMetadata', task ':app:checkDebugAarMetadata', task ':app:cleanMergeDebugAssets', task ':app:mergeDebugShaders', task ':app:compileDebugShaders', task ':app:generateDebugAssets', task ':audioplayers_android:mergeDebugShaders', task ':audioplayers_android:compileDebugShaders', task ':audioplayers_android:generateDebugAssets', task ':audioplayers_android:mergeDebugAssets', task ':integration_test:mergeDebugShaders', task ':integration_test:compileDebugShaders', task ':integration_test:generateDebugAssets', task ':integration_test:mergeDebugAssets', task ':path_provider_android:mergeDebugShaders', task ':path_provider_android:compileDebugShaders', task ':path_provider_android:generateDebugAssets', task ':path_provider_android:mergeDebugAssets', task ':permission_handler_android:mergeDebugShaders', task ':permission_handler_android:compileDebugShaders', task ':permission_handler_android:generateDebugAssets', task ':permission_handler_android:mergeDebugAssets', task ':record_android:mergeDebugShaders', task ':record_android:compileDebugShaders', task ':record_android:generateDebugAssets', task ':record_android:mergeDebugAssets', task ':shared_preferences_android:mergeDebugShaders', task ':shared_preferences_android:compileDebugShaders', task ':shared_preferences_android:generateDebugAssets', task ':shared_preferences_android:mergeDebugAssets', task ':sqflite_android:mergeDebugShaders', task ':sqflite_android:compileDebugShaders', task ':sqflite_android:generateDebugAssets', task ':sqflite_android:mergeDebugAssets', task ':app:mergeDebugAssets', task ':app:copyFlutterAssetsDebug', task ':app:generateDebugResValues', task ':audioplayers_android:generateDebugResValues', task ':audioplayers_android:generateDebugResources', task ':audioplayers_android:packageDebugResources', task ':integration_test:generateDebugResValues', task ':integration_test:generateDebugResources', task ':integration_test:packageDebugResources', task ':path_provider_android:generateDebugResValues', task ':path_provider_android:generateDebugResources', task ':path_provider_android:packageDebugResources', task ':permission_handler_android:generateDebugResValues', task ':permission_handler_android:generateDebugResources', task ':permission_handler_android:packageDebugResources', task ':record_android:generateDebugResValues', task ':record_android:generateDebugResources', task ':record_android:packageDebugResources', task ':shared_preferences_android:generateDebugResValues', task ':shared_preferences_android:generateDebugResources', task ':shared_preferences_android:packageDebugResources', task ':sqflite_android:generateDebugResValues', task ':sqflite_android:generateDebugResources', task ':sqflite_android:packageDebugResources', task ':app:mapDebugSourceSetPaths', task ':app:generateDebugResources', task ':app:mergeDebugResources', task ':app:packageDebugResources', task ':app:parseDebugLocalResources', task ':app:createDebugCompatibleScreenManifests', task ':app:extractDeepLinksDebug', task ':audioplayers_android:extractDeepLinksDebug', task ':audioplayers_android:processDebugManifest', task ':integration_test:extractDeepLinksDebug', task ':integration_test:processDebugManifest', task ':path_provider_android:extractDeepLinksDebug', task ':path_provider_android:processDebugManifest', task ':permission_handler_android:extractDeepLinksDebug', task ':permission_handler_android:processDebugManifest', task ':record_android:extractDeepLinksDebug', task ':record_android:processDebugManifest', task ':shared_preferences_android:extractDeepLinksDebug', task ':shared_preferences_android:processDebugManifest', task ':sqflite_android:extractDeepLinksDebug', task ':sqflite_android:processDebugManifest', task ':app:processDebugMainManifest', task ':app:outputDebugAppLinkSettings', task ':app:processDebugManifest', task ':app:processDebugManifestForPackage', task ':audioplayers_android:compileDebugLibraryResources', task ':audioplayers_android:parseDebugLocalResources', task ':audioplayers_android:generateDebugRFile', task ':integration_test:compileDebugLibraryResources', task ':integration_test:parseDebugLocalResources', task ':integration_test:generateDebugRFile', task ':path_provider_android:compileDebugLibraryResources', task ':path_provider_android:parseDebugLocalResources', task ':path_provider_android:generateDebugRFile', task ':permission_handler_android:compileDebugLibraryResources', task ':permission_handler_android:parseDebugLocalResources', task ':permission_handler_android:generateDebugRFile', task ':record_android:compileDebugLibraryResources', task ':record_android:parseDebugLocalResources', task ':record_android:generateDebugRFile', task ':shared_preferences_android:compileDebugLibraryResources', task ':shared_preferences_android:parseDebugLocalResources', task ':shared_preferences_android:generateDebugRFile', task ':sqflite_android:compileDebugLibraryResources', task ':sqflite_android:parseDebugLocalResources', task ':sqflite_android:generateDebugRFile', task ':app:processDebugResources', task ':audioplayers_android:checkKotlinGradlePluginConfigurationErrors', task ':audioplayers_android:compileDebugKotlin', task ':audioplayers_android:javaPreCompileDebug', task ':audioplayers_android:compileDebugJavaWithJavac', task ':audioplayers_android:bundleLibCompileToJarDebug', task ':integration_test:javaPreCompileDebug', task ':integration_test:compileDebugJavaWithJavac', task ':integration_test:bundleLibCompileToJarDebug', task ':path_provider_android:javaPreCompileDebug', task ':path_provider_android:compileDebugJavaWithJavac', task ':path_provider_android:bundleLibCompileToJarDebug', task ':permission_handler_android:javaPreCompileDebug', task ':permission_handler_android:compileDebugJavaWithJavac', task ':permission_handler_android:bundleLibCompileToJarDebug', task ':record_android:checkKotlinGradlePluginConfigurationErrors', task ':record_android:compileDebugKotlin', task ':record_android:javaPreCompileDebug', task ':record_android:compileDebugJavaWithJavac', task ':record_android:bundleLibCompileToJarDebug', task ':shared_preferences_android:checkKotlinGradlePluginConfigurationErrors', task ':shared_preferences_android:compileDebugKotlin', task ':shared_preferences_android:javaPreCompileDebug', task ':shared_preferences_android:compileDebugJavaWithJavac', task ':shared_preferences_android:bundleLibCompileToJarDebug', task ':sqflite_android:javaPreCompileDebug', task ':sqflite_android:compileDebugJavaWithJavac', task ':sqflite_android:bundleLibCompileToJarDebug', task ':app:compileDebugKotlin', task ':app:javaPreCompileDebug', task ':app:compileDebugJavaWithJavac', task ':app:compressDebugAssets', task ':audioplayers_android:bundleLibRuntimeToJarDebug', task ':integration_test:bundleLibRuntimeToJarDebug', task ':path_provider_android:bundleLibRuntimeToJarDebug', task ':permission_handler_android:bundleLibRuntimeToJarDebug', task ':record_android:bundleLibRuntimeToJarDebug', task ':shared_preferences_android:bundleLibRuntimeToJarDebug', task ':sqflite_android:bundleLibRuntimeToJarDebug', task ':app:desugarDebugFileDependencies', task ':app:dexBuilderDebug', task ':app:mergeDebugGlobalSynthetics', task ':app:processDebugJavaRes', task ':audioplayers_android:processDebugJavaRes', task ':integration_test:processDebugJavaRes', task ':path_provider_android:processDebugJavaRes', task ':permission_handler_android:processDebugJavaRes', task ':record_android:processDebugJavaRes', task ':shared_preferences_android:processDebugJavaRes', task ':sqflite_android:processDebugJavaRes', task ':app:mergeDebugJavaResource', task ':app:checkDebugDuplicateClasses', task ':app:mergeExtDexDebug', task ':audioplayers_android:bundleLibRuntimeToDirDebug', task ':integration_test:bundleLibRuntimeToDirDebug', task ':path_provider_android:bundleLibRuntimeToDirDebug', task ':permission_handler_android:bundleLibRuntimeToDirDebug', task ':record_android:bundleLibRuntimeToDirDebug', task ':shared_preferences_android:bundleLibRuntimeToDirDebug', task ':sqflite_android:bundleLibRuntimeToDirDebug', task ':app:mergeLibDexDebug', task ':app:mergeProjectDexDebug', task ':app:configureCMakeDebug[arm64-v8a]', task ':app:buildCMakeDebug[arm64-v8a]', task ':app:configureCMakeDebug[armeabi-v7a]', task ':app:buildCMakeDebug[armeabi-v7a]', task ':app:configureCMakeDebug[x86_64]', task ':app:buildCMakeDebug[x86_64]', task ':app:mergeDebugJniLibFolders', task ':audioplayers_android:mergeDebugJniLibFolders', task ':audioplayers_android:mergeDebugNativeLibs', task ':audioplayers_android:copyDebugJniLibsProjectOnly', task ':integration_test:mergeDebugJniLibFolders', task ':integration_test:mergeDebugNativeLibs', task ':integration_test:copyDebugJniLibsProjectOnly', task ':path_provider_android:mergeDebugJniLibFolders', task ':path_provider_android:mergeDebugNativeLibs', task ':path_provider_android:copyDebugJniLibsProjectOnly', task ':permission_handler_android:mergeDebugJniLibFolders', task ':permission_handler_android:mergeDebugNativeLibs', task ':permission_handler_android:copyDebugJniLibsProjectOnly', task ':record_android:mergeDebugJniLibFolders', task ':record_android:mergeDebugNativeLibs', task ':record_android:copyDebugJniLibsProjectOnly', task ':shared_preferences_android:mergeDebugJniLibFolders', task ':shared_preferences_android:mergeDebugNativeLibs', task ':shared_preferences_android:copyDebugJniLibsProjectOnly', task ':sqflite_android:mergeDebugJniLibFolders', task ':sqflite_android:mergeDebugNativeLibs', task ':sqflite_android:copyDebugJniLibsProjectOnly', task ':app:mergeDebugNativeLibs', task ':app:stripDebugDebugSymbols', task ':app:validateSigningDebug', task ':app:writeDebugAppMetadata', task ':app:writeDebugSigningConfigVersions', task ':app:packageDebug', task ':app:createDebugApkListingFileRedirect', task ':app:assembleDebug', task ':audioplayers_android:stripDebugDebugSymbols', task ':audioplayers_android:copyDebugJniLibsProjectAndLocalJars', task ':audioplayers_android:extractDebugAnnotations', task ':audioplayers_android:extractDeepLinksForAarDebug', task ':audioplayers_android:mergeDebugGeneratedProguardFiles', task ':audioplayers_android:mergeDebugConsumerProguardFiles', task ':audioplayers_android:prepareDebugArtProfile', task ':audioplayers_android:prepareLintJarForPublish', task ':audioplayers_android:mergeDebugJavaResource', task ':audioplayers_android:syncDebugLibJars', task ':audioplayers_android:bundleDebugAar', task ':audioplayers_android:assembleDebug', task ':integration_test:stripDebugDebugSymbols', task ':integration_test:copyDebugJniLibsProjectAndLocalJars', task ':integration_test:extractDebugAnnotations', task ':integration_test:extractDeepLinksForAarDebug', task ':integration_test:mergeDebugGeneratedProguardFiles', task ':integration_test:mergeDebugConsumerProguardFiles', task ':integration_test:prepareDebugArtProfile', task ':integration_test:prepareLintJarForPublish', task ':integration_test:mergeDebugJavaResource', task ':integration_test:syncDebugLibJars', task ':integration_test:bundleDebugAar', task ':integration_test:assembleDebug', task ':path_provider_android:stripDebugDebugSymbols', task ':path_provider_android:copyDebugJniLibsProjectAndLocalJars', task ':path_provider_android:extractDebugAnnotations', task ':path_provider_android:extractDeepLinksForAarDebug', task ':path_provider_android:mergeDebugGeneratedProguardFiles', task ':path_provider_android:mergeDebugConsumerProguardFiles', task ':path_provider_android:prepareDebugArtProfile', task ':path_provider_android:prepareLintJarForPublish', task ':path_provider_android:mergeDebugJavaResource', task ':path_provider_android:syncDebugLibJars', task ':path_provider_android:bundleDebugAar', task ':path_provider_android:assembleDebug', task ':permission_handler_android:stripDebugDebugSymbols', task ':permission_handler_android:copyDebugJniLibsProjectAndLocalJars', task ':permission_handler_android:extractDebugAnnotations', task ':permission_handler_android:extractDeepLinksForAarDebug', task ':permission_handler_android:mergeDebugGeneratedProguardFiles', task ':permission_handler_android:mergeDebugConsumerProguardFiles', task ':permission_handler_android:prepareDebugArtProfile', task ':permission_handler_android:prepareLintJarForPublish', task ':permission_handler_android:mergeDebugJavaResource', task ':permission_handler_android:syncDebugLibJars', task ':permission_handler_android:bundleDebugAar', task ':permission_handler_android:assembleDebug', task ':record_android:stripDebugDebugSymbols', task ':record_android:copyDebugJniLibsProjectAndLocalJars', task ':record_android:extractDebugAnnotations', task ':record_android:extractDeepLinksForAarDebug', task ':record_android:mergeDebugGeneratedProguardFiles', task ':record_android:mergeDebugConsumerProguardFiles', task ':record_android:prepareDebugArtProfile', task ':record_android:prepareLintJarForPublish', task ':record_android:mergeDebugJavaResource', task ':record_android:syncDebugLibJars', task ':record_android:bundleDebugAar', task ':record_android:assembleDebug', task ':shared_preferences_android:stripDebugDebugSymbols', task ':shared_preferences_android:copyDebugJniLibsProjectAndLocalJars', task ':shared_preferences_android:extractDebugAnnotations', task ':shared_preferences_android:extractDeepLinksForAarDebug', task ':shared_preferences_android:mergeDebugGeneratedProguardFiles', task ':shared_preferences_android:mergeDebugConsumerProguardFiles', task ':shared_preferences_android:prepareDebugArtProfile', task ':shared_preferences_android:prepareLintJarForPublish', task ':shared_preferences_android:mergeDebugJavaResource', task ':shared_preferences_android:syncDebugLibJars', task ':shared_preferences_android:bundleDebugAar', task ':shared_preferences_android:assembleDebug', task ':sqflite_android:stripDebugDebugSymbols', task ':sqflite_android:copyDebugJniLibsProjectAndLocalJars', task ':sqflite_android:extractDebugAnnotations', task ':sqflite_android:extractDeepLinksForAarDebug', task ':sqflite_android:mergeDebugGeneratedProguardFiles', task ':sqflite_android:mergeDebugConsumerProguardFiles', task ':sqflite_android:prepareDebugArtProfile', task ':sqflite_android:prepareLintJarForPublish', task ':sqflite_android:mergeDebugJavaResource', task ':sqflite_android:syncDebugLibJars', task ':sqflite_android:bundleDebugAar', task ':sqflite_android:assembleDebug']
[   +2 ms] Tasks that were excluded: []
[        ] work action Parameters of IdentityTransform (Thread[#3477,Execution worker Thread 3,5,main]) started.
[        ] work action Parameters of DexingNoClasspathTransform (Thread[#3477,Execution worker Thread 3,5,main]) started.
[        ] work action Parameters of DexingOutputSplitTransform (Thread[#3477,Execution worker Thread 3,5,main]) started.
[        ] work action Parameters of ClassesDirToClassesTransform (Thread[#3477,Execution worker Thread 3,5,main]) started.
[        ] work action Parameters of DexingOutputSplitTransform (Thread[#3477,Execution worker Thread 3,5,main]) started.
[        ] Resolve mutations for :app:DebugMinSdkCheck (Thread[#3477,Execution worker Thread 3,5,main]) started.
[        ] :app:DebugMinSdkCheck (Thread[#3477,Execution worker Thread 3,5,main]) started.
[        ] > Task :app:DebugMinSdkCheck
[        ] Caching disabled for task ':app:DebugMinSdkCheck' because:
[        ]   Build cache is disabled
[        ] Task ':app:DebugMinSdkCheck' is not up-to-date because:
[        ]   Task has not declared any outputs despite executing actions.
[        ] Resolve mutations for :app:preBuild (Thread[#3477,Execution worker Thread 3,5,main]) started.
[        ] :app:preBuild (Thread[#3484,Execution worker Thread 9,5,main]) started.
[        ] > Task :app:preBuild UP-TO-DATE
[        ] Skipping task ':app:preBuild' as it has no actions.
[        ] Resolve mutations for :app:preDebugBuild (Thread[#3482,Execution worker Thread 7,5,main]) started.
[        ] :app:preDebugBuild (Thread[#3476,Execution worker Thread 2,5,main]) started.
[        ] > Task :app:preDebugBuild UP-TO-DATE
[        ] Skipping task ':app:preDebugBuild' as it has no actions.
[        ] Resolve mutations for :app:mergeDebugNativeDebugMetadata (Thread[#3476,Execution worker Thread 2,5,main]) started.
[        ] :app:mergeDebugNativeDebugMetadata (Thread[#3476,Execution worker Thread 2,5,main]) started.
[        ] > Task :app:mergeDebugNativeDebugMetadata NO-SOURCE
[        ] Skipping task ':app:mergeDebugNativeDebugMetadata' as it has no source files and no previous output files.
[        ] Resolve mutations for :app:checkKotlinGradlePluginConfigurationErrors (Thread[#3476,Execution worker Thread 2,5,main]) started.
[        ] :app:checkKotlinGradlePluginConfigurationErrors (Thread[#3476,Execution worker Thread 2,5,main]) started.
[        ] > Task :app:checkKotlinGradlePluginConfigurationErrors SKIPPED
[        ] Skipping task ':app:checkKotlinGradlePluginConfigurationErrors' as task onlyIf 'errorDiagnostics are present' is false.
[        ] Resolve mutations for :app:compileFlutterBuildDebug (Thread[#3476,Execution worker Thread 2,5,main]) started.
[        ] :app:compileFlutterBuildDebug (Thread[#3476,Execution worker Thread 2,5,main]) started.
[ +849 ms] lib/services/ai_all.dart:58:22: Error: Required named parameter 'wordCount' must be provided.
[        ]     return StoryModel(
[        ]                      ^
[        ] lib/models/story_model.dart:20:3: Context: Found this candidate, but the arguments don't match.
[        ]   StoryModel({
[        ]   ^^^^^^^^^^
[+1133 ms] > Task :app:compileFlutterBuildDebug
[        ] Caching disabled for task ':app:compileFlutterBuildDebug' because:
[        ]   Build cache is disabled
[        ]   Caching has not been enabled for the task
[        ] Task ':app:compileFlutterBuildDebug' is not up-to-date because:
[        ]   Task has failed previously.
[        ] Starting process 'command 'C:\flutter\bin\flutter.bat''. Working directory: Y:\okuma\readhero Command: C:\flutter\bin\flutter.bat --verbose assemble --no-version-check --depfile Y:\okuma\readhero\build\app\intermediates\flutter\debug/flutter_build.d --output Y:\okuma\readhero\build\app\intermediates\flutter\debug -dTargetFile=Y:\okuma\readhero\lib\main.dart -dTargetPlatform=android -dBuildMode=debug -dTrackWidgetCreation=true --DartDefines=RkxVVFRFUl9WRVJTSU9OPTMuMzguNg==,RkxVVFRFUl9DSEFOTkVMPXN0YWJsZQ==,RkxVVFRFUl9HSVRfVVJMPWh0dHBzOi8vZ2l0aHViLmNvbS9mbHV0dGVyL2ZsdXR0ZXIuZ2l0,RkxVVFRFUl9GUkFNRVdPUktfUkVWSVNJT049OGI4NzI4Njg0OQ==,RkxVVFRFUl9FTkdJTkVfUkVWSVNJT049NzhmYzMwMTJlNA==,RkxVVFRFUl9EQVJUX1ZFUlNJT049My4xMC43 -dFlavor= -dAndroidArchs=android-x64 -dMinSdkVersion=24 debug_android_application
[        ] Successfully started process 'command 'C:\flutter\bin\flutter.bat''
[ +107 ms] [ +246 ms] Artifact Instance of 'MaterialFonts' is not required, skipping update.
[        ] [        ] Artifact Instance of 'GradleWrapper' is not required, skipping update.
[        ] [        ] Artifact Instance of 'AndroidGenSnapshotArtifacts' is not required, skipping update.
[        ] [        ] Artifact Instance of 'AndroidInternalBuildArtifacts' is not required, skipping update.
[        ] [        ] Artifact Instance of 'IOSEngineArtifacts' is not required, skipping update.
[        ] [        ] Artifact Instance of 'FlutterWebSdk' is not required, skipping update.
[        ] [   +2 ms] Artifact Instance of 'LegacyCanvasKitRemover' is not required, skipping update.
[        ] [        ] Artifact Instance of 'FlutterSdk' is not required, skipping update.
[        ] [        ] Artifact Instance of 'WindowsEngineArtifacts' is not required, skipping update.
[        ] [        ] Artifact Instance of 'MacOSEngineArtifacts' is not required, skipping update.
[        ] [        ] Artifact Instance of 'LinuxEngineArtifacts' is not required, skipping update.
[        ] [        ] Artifact Instance of 'LinuxFuchsiaSDKArtifacts' is not required, skipping update.
[        ] [        ] Artifact Instance of 'MacOSFuchsiaSDKArtifacts' is not required, skipping update.
[        ] [        ] Artifact Instance of 'FlutterRunnerSDKArtifacts' is not required, skipping update.
[        ] [        ] Artifact Instance of 'FlutterRunnerDebugSymbols' is not required, skipping update.
[        ] [        ] Artifact Instance of 'IosUsbArtifacts' is not required, skipping update.
[        ] [        ] Artifact Instance of 'IosUsbArtifacts' is not required, skipping update.
[        ] [        ] Artifact Instance of 'IosUsbArtifacts' is not required, skipping update.
[        ] [        ] Artifact Instance of 'IosUsbArtifacts' is not required, skipping update.
[        ] [        ] Artifact Instance of 'IosUsbArtifacts' is not required, skipping update.
[        ] [        ] Artifact Instance of 'IosUsbArtifacts' is not required, skipping update.
[        ] [        ] Artifact Instance of 'FontSubsetArtifacts' is not required, skipping update.
[        ] [        ] Artifact Instance of 'PubDependencies' is not required, skipping update.
[        ] [  +16 ms] Artifact Instance of 'AndroidGenSnapshotArtifacts' is not required, skipping update.
[        ] [        ] Artifact Instance of 'AndroidInternalBuildArtifacts' is not required, skipping update.
[        ] [        ] Artifact Instance of 'IOSEngineArtifacts' is not required, skipping update.
[        ] [        ] Artifact Instance of 'FlutterWebSdk' is not required, skipping update.
[        ] [        ] Artifact Instance of 'FlutterEngineStamp' is not required, skipping update.
[        ] [        ] Artifact Instance of 'LegacyCanvasKitRemover' is not required, skipping update.
[        ] [   +6 ms] Artifact Instance of 'WindowsEngineArtifacts' is not required, skipping update.
[        ] [        ] Artifact Instance of 'MacOSEngineArtifacts' is not required, skipping update.
[        ] [        ] Artifact Instance of 'LinuxEngineArtifacts' is not required, skipping update.
[        ] [        ] Artifact Instance of 'LinuxFuchsiaSDKArtifacts' is not required, skipping update.
[        ] [        ] Artifact Instance of 'MacOSFuchsiaSDKArtifacts' is not required, skipping update.
[        ] [        ] Artifact Instance of 'FlutterRunnerSDKArtifacts' is not required, skipping update.
[        ] [        ] Artifact Instance of 'FlutterRunnerDebugSymbols' is not required, skipping update.
[  +86 ms] [ +109 ms] Artifact Instance of 'MaterialFonts' is not required, skipping update.
[        ] [        ] Artifact Instance of 'GradleWrapper' is not required, skipping update.
[        ] [   +3 ms] Artifact Instance of 'AndroidInternalBuildArtifacts' is not required, skipping update.
[        ] [        ] Artifact Instance of 'IOSEngineArtifacts' is not required, skipping update.
[        ] [        ] Artifact Instance of 'FlutterWebSdk' is not required, skipping update.
[        ] [        ] Artifact Instance of 'FlutterEngineStamp' is not required, skipping update.
[        ] [        ] Artifact Instance of 'LegacyCanvasKitRemover' is not required, skipping update.
[        ] [        ] Artifact Instance of 'FlutterSdk' is not required, skipping update.
[        ] [        ] Artifact Instance of 'WindowsEngineArtifacts' is not required, skipping update.
[        ] [        ] Artifact Instance of 'MacOSEngineArtifacts' is not required, skipping update.
[        ] [        ] Artifact Instance of 'LinuxEngineArtifacts' is not required, skipping update.
[        ] [        ] Artifact Instance of 'LinuxFuchsiaSDKArtifacts' is not required, skipping update.
[        ] [        ] Artifact Instance of 'MacOSFuchsiaSDKArtifacts' is not required, skipping update.
[        ] [        ] Artifact Instance of 'FlutterRunnerSDKArtifacts' is not required, skipping update.
[        ] [        ] Artifact Instance of 'FlutterRunnerDebugSymbols' is not required, skipping update.
[        ] [        ] Artifact Instance of 'IosUsbArtifacts' is not required, skipping update.
[        ] [        ] Artifact Instance of 'IosUsbArtifacts' is not required, skipping update.
[        ] [        ] Artifact Instance of 'IosUsbArtifacts' is not required, skipping update.
[        ] [        ] Artifact Instance of 'IosUsbArtifacts' is not required, skipping update.
[        ] [        ] Artifact Instance of 'IosUsbArtifacts' is not required, skipping update.
[        ] [        ] Artifact Instance of 'IosUsbArtifacts' is not required, skipping update.
[        ] [        ] Artifact Instance of 'FontSubsetArtifacts' is not required, skipping update.
[        ] [        ] Artifact Instance of 'PubDependencies' is not required, skipping update.
[ +107 ms] [  +51 ms] Initializing file store
[        ] [  +18 ms] Done initializing file store
[  +91 ms] [  +77 ms] Skipping target: dart_build
[        ] [   +6 ms] Skipping target: gen_dart_plugin_registrant
[        ] [   +1 ms] Skipping target: install_code_assets
[        ] [        ] Skipping target: gen_localizations
[+1499 ms] [+1523 ms] kernel_snapshot_program: Starting due to {InvalidatedReasonKind.outputSetAddition: The following outputs were added to the output set: Y:\okuma\readhero\.dart_tool\flutter_build\bf26f2bd577940ec89c74c923dd74561\app.dill}
[        ] [  +13 ms] C:\flutter\bin\cache\dart-sdk\bin\dartaotruntime.exe C:\flutter\bin\cache\dart-sdk\bin\snapshots\frontend_server_aot.dart.snapshot --sdk-root C:\flutter\bin\cache\artifacts\engine\common\flutter_patched_sdk/ --target=flutter --no-print-incremental-dependencies -DFLUTTER_VERSION=3.38.6 -DFLUTTER_CHANNEL=stable -DFLUTTER_GIT_URL=https://github.com/flutter/flutter.git -DFLUTTER_FRAMEWORK_REVISION=8b87286849 -DFLUTTER_ENGINE_REVISION=78fc3012e4 -DFLUTTER_DART_VERSION=3.10.7 -DFLUTTER_APP_FLAVOR= -Ddart.vm.profile=false -Ddart.vm.product=false --enable-asserts --track-widget-creation --no-link-platform --packages Y:\okuma\readhero\.dart_tool\package_config.json --output-dill Y:\okuma\readhero\.dart_tool\flutter_build\bf26f2bd577940ec89c74c923dd74561\app.dill --depfile Y:\okuma\readhero\.dart_tool\flutter_build\bf26f2bd577940ec89c74c923dd74561\kernel_snapshot_program.d --incremental --initialize-from-dill Y:\okuma\readhero\.dart_tool\flutter_build\bf26f2bd577940ec89c74c923dd74561\app.dill --source file:///Y:/okuma/readhero/.dart_tool/flutter_build/dart_plugin_registrant.dart --source package:flutter/src/dart_plugin_registrant.dart -Dflutter.dart_plugin_registrant=file:///Y:/okuma/readhero/.dart_tool/flutter_build/dart_plugin_registrant.dart --verbosity=error package:readhero/main.dart
[+2397 ms] [+2399 ms] lib/views/student/generate_story_view.dart:212:19: Error: No named parameter with the name 'fontSize'.
[   +1 ms] [   +1 ms]                   fontSize: 18,
[        ] [        ]                   ^^^^^^^^
[        ] [        ] lib/core/widgets/custom_button.dart:16:9: Context: Found this candidate, but the arguments don't match.
[        ] [        ]   const CustomButton({
[        ] [        ]         ^^^^^^^^^^^^
[        ] [        ] lib/services/ai_all.dart:58:22: Error: Required named parameter 'wordCount' must be provided.
[        ] [        ]     return StoryModel(
[        ] [        ]                      ^
[        ] [        ] lib/models/story_model.dart:20:3: Context: Found this candidate, but the arguments don't match.
[        ] [        ]   StoryModel({
[        ] [        ]   ^^^^^^^^^^
[        ] [        ] lib/views/student/ai_test_view.dart:27:23: Error: The getter 'isInitialized' isn't defined for the type 'AIController'.
[        ] [        ]  - 'AIController' is from 'package:readhero/controllers/ai_controller.dart' ('lib/controllers/ai_controller.dart').
[        ] [        ] Try correcting the name to the name of an existing getter, or defining a getter or field named 'isInitialized'.
[        ] [        ]     if (!aiController.isInitialized) {
[        ] [        ]                       ^^^^^^^^^^^^^
[        ] [        ] lib/views/student/ai_test_view.dart:28:26: Error: The method 'initialize' isn't defined for the type 'AIController'.
[        ] [        ]  - 'AIController' is from 'package:readhero/controllers/ai_controller.dart' ('lib/controllers/ai_controller.dart').
[        ] [        ] Try correcting the name to the name of an existing method, or defining a method named 'initialize'.
[        ] [        ]       await aiController.initialize();
[        ] [        ]                          ^^^^^^^^^^
[        ] [        ] lib/views/student/ai_test_view.dart:35:38: Error: The method 'generateStory' isn't defined for the type 'AIController'.
[        ] [        ]  - 'AIController' is from 'package:readhero/controllers/ai_controller.dart' ('lib/controllers/ai_controller.dart').
[        ] [        ] Try correcting the name to the name of an existing method, or defining a method named 'generateStory'.
[        ] [        ]     final story = await aiController.generateStory(
[        ] [        ]                                      ^^^^^^^^^^^^^
[        ] [        ] lib/views/student/ai_test_view.dart:45:31: Error: The getter 'errorMessage' isn't defined for the type 'AIController'.
[        ] [        ]  - 'AIController' is from 'package:readhero/controllers/ai_controller.dart' ('lib/controllers/ai_controller.dart').
[        ] [        ] Try correcting the name to the name of an existing getter, or defining a getter or field named 'errorMessage'.
[   +5 ms] [        ]       _showError(aiController.errorMessage ?? 'Hikaye oluşturulamadı');
[        ] [        ]                               ^^^^^^^^^^^^
[        ] [        ] lib/views/student/ai_test_view.dart:106:42: Error: The getter 'isInitialized' isn't defined for the type 'AIController'.
[        ] [        ]  - 'AIController' is from 'package:readhero/controllers/ai_controller.dart' ('lib/controllers/ai_controller.dart').
[        ] [        ] Try correcting the name to the name of an existing getter, or defining a getter or field named 'isInitialized'.
[        ] [        ]                             aiController.isInitialized
[        ] [        ]                                          ^^^^^^^^^^^^^
[        ] [        ] lib/views/student/ai_test_view.dart:109:49: Error: The getter 'isInitialized' isn't defined for the type 'AIController'.
[        ] [        ]  - 'AIController' is from 'package:readhero/controllers/ai_controller.dart' ('lib/controllers/ai_controller.dart').
[        ] [        ] Try correcting the name to the name of an existing getter, or defining a getter or field named 'isInitialized'.
[        ] [        ]                             color: aiController.isInitialized
[        ] [        ]                                                 ^^^^^^^^^^^^^
[        ] [        ] lib/views/student/ai_test_view.dart:115:42: Error: The getter 'isInitialized' isn't defined for the type 'AIController'.
[        ] [        ]  - 'AIController' is from 'package:readhero/controllers/ai_controller.dart' ('lib/controllers/ai_controller.dart').
[        ] [        ] Try correcting the name to the name of an existing getter, or defining a getter or field named 'isInitialized'.
[        ] [        ]                             aiController.isInitialized
[        ] [        ]                                          ^^^^^^^^^^^^^
[        ] [        ] lib/views/student/ai_test_view.dart:190:44: Error: The getter 'categories' isn't defined for the type 'AIController'.
[        ] [        ]  - 'AIController' is from 'package:readhero/controllers/ai_controller.dart' ('lib/controllers/ai_controller.dart').
[        ] [        ] Try correcting the name to the name of an existing getter, or defining a getter or field named 'categories'.
[        ] [        ]                     children: aiController.categories.map((category) {
[        ] [        ]                                            ^^^^^^^^^^
[        ] [        ] lib/views/student/ai_test_view.dart:232:45: Error: The getter 'isInitialized' isn't defined for the type 'AIController'.
[        ] [        ]  - 'AIController' is from 'package:readhero/controllers/ai_controller.dart' ('lib/controllers/ai_controller.dart').
[        ] [        ] Try correcting the name to the name of an existing getter, or defining a getter or field named 'isInitialized'.
[        ] [        ]                     onPressed: aiController.isInitialized ? () => _generateStory() : null,
[        ] [        ]                                             ^^^^^^^^^^^^^
[        ] [        ] lib/views/student/ai_test_view.dart:332:36: Error: The getter 'errorMessage' isn't defined for the type 'AIController'.
[        ] [        ]  - 'AIController' is from 'package:readhero/controllers/ai_controller.dart' ('lib/controllers/ai_controller.dart').
[        ] [        ] Try correcting the name to the name of an existing getter, or defining a getter or field named 'errorMessage'.
[        ] [        ]                   if (aiController.errorMessage != null) ...[
[        ] [        ]                                    ^^^^^^^^^^^^
[        ] [        ] lib/views/student/ai_test_view.dart:347:44: Error: The getter 'errorMessage' isn't defined for the type 'AIController'.
[        ] [        ]  - 'AIController' is from 'package:readhero/controllers/ai_controller.dart' ('lib/controllers/ai_controller.dart').
[        ] [        ] Try correcting the name to the name of an existing getter, or defining a getter or field named 'errorMessage'.
[        ] [        ]                               aiController.errorMessage!,
[        ] [        ]                                            ^^^^^^^^^^^^
[ +284 ms] [ +287 ms] Persisting file store
[        ] [  +23 ms] Done persisting file store
[ +108 ms] [   +6 ms] Target kernel_snapshot_program failed: Exception
[        ]            #0      KernelSnapshot.build (package:flutter_tools/src/build_system/targets/common.dart:289:7)
[        ]            <asynchronous suspension>
[        ]            #1      _BuildInstance._invokeInternal (package:flutter_tools/src/build_system/build_system.dart:895:9)
[        ]            <asynchronous suspension>
[        ]            #2      Future.wait.<anonymous closure> (dart:async/future.dart:546:21)
[        ]            <asynchronous suspension>
[        ]            #3      _BuildInstance.invokeTarget (package:flutter_tools/src/build_system/build_system.dart:833:32)
[        ]            <asynchronous suspension>
[        ]            #4      FlutterBuildSystem.build (package:flutter_tools/src/build_system/build_system.dart:653:16)
[        ]            <asynchronous suspension>
[        ]            #5      AssembleCommand.runCommand (package:flutter_tools/src/commands/assemble.dart:361:32)
[        ]            <asynchronous suspension>
[        ]            #6      FlutterCommand.run.<anonymous closure> (package:flutter_tools/src/runner/flutter_command.dart:1559:27)
[        ]            <asynchronous suspension>
[        ]            #7      AppContext.run.<anonymous closure> (package:flutter_tools/src/base/context.dart:154:19)
[        ]            <asynchronous suspension>
[        ]            #8      CommandRunner.runCommand (package:args/command_runner.dart:212:13)
[        ]            <asynchronous suspension>
[        ]            #9      FlutterCommandRunner.runCommand.<anonymous closure> (package:flutter_tools/src/runner/flutter_command_runner.dart:487:9)
[        ]            <asynchronous suspension>
[        ]            #10     AppContext.run.<anonymous closure> (package:flutter_tools/src/base/context.dart:154:19)
[        ]            <asynchronous suspension>
[        ]            #11     FlutterCommandRunner.runCommand (package:flutter_tools/src/runner/flutter_command_runner.dart:422:5)
[        ]            <asynchronous suspension>
[        ]            #12     run.<anonymous closure>.<anonymous closure> (package:flutter_tools/runner.dart:104:11)
[        ]            <asynchronous suspension>
[        ]            #13     AppContext.run.<anonymous closure> (package:flutter_tools/src/base/context.dart:154:19)
[        ]            <asynchronous suspension>
[        ]            #14     main (package:flutter_tools/executable.dart:103:3)
[        ]            <asynchronous suspension>
[        ] [   +6 ms] "flutter assemble" took 4.557ms.
[ +184 ms] [ +256 ms] 
[        ]            #0      throwToolExit (package:flutter_tools/src/base/common.dart:34:3)
[        ]            #1      AssembleCommand.runCommand (package:flutter_tools/src/commands/assemble.dart:379:7)
[        ]            <asynchronous suspension>
[        ]            #2      FlutterCommand.run.<anonymous closure> (package:flutter_tools/src/runner/flutter_command.dart:1559:27)
[        ]            <asynchronous suspension>
[        ]            #3      AppContext.run.<anonymous closure> (package:flutter_tools/src/base/context.dart:154:19)
[        ]            <asynchronous suspension>
[        ]            #4      CommandRunner.runCommand (package:args/command_runner.dart:212:13)
[        ]            <asynchronous suspension>
[        ]            #5      FlutterCommandRunner.runCommand.<anonymous closure> (package:flutter_tools/src/runner/flutter_command_runner.dart:487:9)
[        ]            <asynchronous suspension>
[        ]            #6      AppContext.run.<anonymous closure> (package:flutter_tools/src/base/context.dart:154:19)
[        ]            <asynchronous suspension>
[        ] [        ] Running 1 shutdown hook
[        ] [   +1 ms] Shutdown hooks complete
[        ]            #7      FlutterCommandRunner.runCommand (package:flutter_tools/src/runner/flutter_command_runner.dart:422:5)
[        ]            <asynchronous suspension>
[        ]            #8      run.<anonymous closure>.<anonymous closure> (package:flutter_tools/runner.dart:104:11)
[        ]            <asynchronous suspension>
[        ]            #9      AppContext.run.<anonymous closure> (package:flutter_tools/src/base/context.dart:154:19)
[        ]            <asynchronous suspension>
[        ]            #10     main (package:flutter_tools/executable.dart:103:3)
[        ]            <asynchronous suspension>
[ +199 ms] [ +209 ms] exiting with code 1
[ +111 ms] > Task :app:compileFlutterBuildDebug FAILED
[ +187 ms] Build 37d0f9fe-43b3-4c27-87a6-829ad0ec4afc is closed
[        ] [Incubating] Problems report is available at: file:///Y:/okuma/readhero/build/reports/problems/problems-report.html
[        ] FAILURE: Build failed with an exception.
[        ] * What went wrong:
[        ] Execution failed for task ':app:compileFlutterBuildDebug'.
[        ] > Process 'command 'C:\flutter\bin\flutter.bat'' finished with non-zero exit value 1
[        ] * Try:
[        ] > Run with --debug option to get more log output.
[        ] > Run with --scan to get full insights.
[        ] > Get more help at https://help.gradle.org.
[        ] * Exception is:
[        ] org.gradle.api.tasks.TaskExecutionException: Execution failed for task ':app:compileFlutterBuildDebug'.
[        ] 	at org.gradle.api.internal.tasks.execution.ExecuteActionsTaskExecuter.lambda$executeIfValid$1(ExecuteActionsTaskExecuter.java:130)
[        ] 	at org.gradle.internal.Try$Failure.ifSuccessfulOrElse(Try.java:293)
[        ] 	at org.gradle.api.internal.tasks.execution.ExecuteActionsTaskExecuter.executeIfValid(ExecuteActionsTaskExecuter.java:128)
[        ] 	at org.gradle.api.internal.tasks.execution.ExecuteActionsTaskExecuter.execute(ExecuteActionsTaskExecuter.java:116)
[        ] 	at org.gradle.api.internal.tasks.execution.ProblemsTaskPathTrackingTaskExecuter.execute(ProblemsTaskPathTrackingTaskExecuter.java:41)
[        ] 	at org.gradle.api.internal.tasks.execution.FinalizePropertiesTaskExecuter.execute(FinalizePropertiesTaskExecuter.java:46)
[        ] 	at org.gradle.api.internal.tasks.execution.ResolveTaskExecutionModeExecuter.execute(ResolveTaskExecutionModeExecuter.java:51)
[        ] 	at org.gradle.api.internal.tasks.execution.SkipTaskWithNoActionsExecuter.execute(SkipTaskWithNoActionsExecuter.java:57)
[        ] 	at org.gradle.api.internal.tasks.execution.SkipOnlyIfTaskExecuter.execute(SkipOnlyIfTaskExecuter.java:74)
[        ] 	at org.gradle.api.internal.tasks.execution.CatchExceptionTaskExecuter.execute(CatchExceptionTaskExecuter.java:36)
[        ] 	at org.gradle.api.internal.tasks.execution.EventFiringTaskExecuter$1.executeTask(EventFiringTaskExecuter.java:77)
[        ] 	at org.gradle.api.internal.tasks.execution.EventFiringTaskExecuter$1.call(EventFiringTaskExecuter.java:55)
[        ] 	at org.gradle.api.internal.tasks.execution.EventFiringTaskExecuter$1.call(EventFiringTaskExecuter.java:52)
[        ] 	at org.gradle.internal.operations.DefaultBuildOperationRunner$CallableBuildOperationWorker.execute(DefaultBuildOperationRunner.java:210)
[        ] 	at org.gradle.internal.operations.DefaultBuildOperationRunner$CallableBuildOperationWorker.execute(DefaultBuildOperationRunner.java:205)
[        ] 	at org.gradle.internal.operations.DefaultBuildOperationRunner$2.execute(DefaultBuildOperationRunner.java:67)
[        ] 	at org.gradle.internal.operations.DefaultBuildOperationRunner$2.execute(DefaultBuildOperationRunner.java:60)
[        ] 	at org.gradle.internal.operations.DefaultBuildOperationRunner.execute(DefaultBuildOperationRunner.java:167)
[        ] 	at org.gradle.internal.operations.DefaultBuildOperationRunner.execute(DefaultBuildOperationRunner.java:60)
[        ] 	at org.gradle.internal.operations.DefaultBuildOperationRunner.call(DefaultBuildOperationRunner.java:54)
[        ] 	at org.gradle.api.internal.tasks.execution.EventFiringTaskExecuter.execute(EventFiringTaskExecuter.java:52)
[        ] 	at org.gradle.execution.plan.LocalTaskNodeExecutor.execute(LocalTaskNodeExecutor.java:42)
[        ] 	at org.gradle.execution.taskgraph.DefaultTaskExecutionGraph$InvokeNodeExecutorsAction.execute(DefaultTaskExecutionGraph.java:331)
[        ] 	at org.gradle.execution.taskgraph.DefaultTaskExecutionGraph$InvokeNodeExecutorsAction.execute(DefaultTaskExecutionGraph.java:318)
[        ] 	at org.gradle.execution.taskgraph.DefaultTaskExecutionGraph$BuildOperationAwareExecutionAction.lambda$execute$0(DefaultTaskExecutionGraph.java:314)
[        ] 	at org.gradle.internal.operations.CurrentBuildOperationRef.with(CurrentBuildOperationRef.java:85)
[        ] 	at org.gradle.execution.taskgraph.DefaultTaskExecutionGraph$BuildOperationAwareExecutionAction.execute(DefaultTaskExecutionGraph.java:314)
[        ] 	at org.gradle.execution.taskgraph.DefaultTaskExecutionGraph$BuildOperationAwareExecutionAction.execute(DefaultTaskExecutionGraph.java:303)
[        ] 	at org.gradle.execution.plan.DefaultPlanExecutor$ExecutorWorker.execute(DefaultPlanExecutor.java:459)
[        ] 	at org.gradle.execution.plan.DefaultPlanExecutor$ExecutorWorker.run(DefaultPlanExecutor.java:376)
[        ] 	at org.gradle.internal.concurrent.ExecutorPolicy$CatchAndRecordFailures.onExecute(ExecutorPolicy.java:64)
[        ] 	at org.gradle.internal.concurrent.AbstractManagedExecutor$1.run(AbstractManagedExecutor.java:48)
[        ] 	at java.base/java.util.concurrent.ThreadPoolExecutor.runWorker(Unknown Source)
[        ] 	at java.base/java.util.concurrent.ThreadPoolExecutor$Worker.run(Unknown Source)
[        ] 	at java.base/java.lang.Thread.run(Unknown Source)
[        ] Caused by: org.gradle.process.internal.ExecException: Process 'command 'C:\flutter\bin\flutter.bat'' finished with non-zero exit value 1
[        ] 	at org.gradle.process.internal.DefaultExecHandle$ExecResultImpl.assertNormalExitValue(DefaultExecHandle.java:442)
[        ] 	at org.gradle.process.internal.DefaultExecAction.execute(DefaultExecAction.java:49)
[        ] 	at org.gradle.process.internal.DefaultExecActionFactory.exec(DefaultExecActionFactory.java:216)
[        ] 	at org.gradle.process.internal.DefaultExecOperations.exec(DefaultExecOperations.java:37)
[        ] 	at com.flutter.gradle.tasks.BaseFlutterTaskHelper.buildBundle(BaseFlutterTaskHelper.kt:159)
[        ] 	at com.flutter.gradle.tasks.BaseFlutterTask.buildBundle(BaseFlutterTask.kt:143)
[        ] 	at com.flutter.gradle.tasks.FlutterTaskHelper.build$gradle(FlutterTaskHelper.kt:90)
[        ] 	at com.flutter.gradle.tasks.FlutterTask.build(FlutterTask.kt:51)
[        ] 	at java.base/jdk.internal.reflect.DirectMethodHandleAccessor.invoke(Unknown Source)
[        ] 	at java.base/java.lang.reflect.Method.invoke(Unknown Source)
[        ] 	at org.gradle.internal.reflect.JavaMethod.invoke(JavaMethod.java:125)
[        ] 	at org.gradle.api.internal.project.taskfactory.StandardTaskAction.doExecute(StandardTaskAction.java:58)
[        ] 	at org.gradle.api.internal.project.taskfactory.StandardTaskAction.execute(StandardTaskAction.java:51)
[        ] 	at org.gradle.api.internal.project.taskfactory.StandardTaskAction.execute(StandardTaskAction.java:29)
[        ] 	at org.gradle.api.internal.tasks.execution.TaskExecution$3.run(TaskExecution.java:244)
[        ] 	at org.gradle.internal.operations.DefaultBuildOperationRunner$1.execute(DefaultBuildOperationRunner.java:30)
[        ] 	at org.gradle.internal.operations.DefaultBuildOperationRunner$1.execute(DefaultBuildOperationRunner.java:27)
[        ] 	at org.gradle.internal.operations.DefaultBuildOperationRunner$2.execute(DefaultBuildOperationRunner.java:67)
[        ] 	at org.gradle.internal.operations.DefaultBuildOperationRunner$2.execute(DefaultBuildOperationRunner.java:60)
[        ] 	at org.gradle.internal.operations.DefaultBuildOperationRunner.execute(DefaultBuildOperationRunner.java:167)
[        ] 	at org.gradle.internal.operations.DefaultBuildOperationRunner.execute(DefaultBuildOperationRunner.java:60)
[        ] 	at org.gradle.internal.operations.DefaultBuildOperationRunner.run(DefaultBuildOperationRunner.java:48)
[        ] 	at org.gradle.api.internal.tasks.execution.TaskExecution.executeAction(TaskExecution.java:229)
[        ] 	at org.gradle.api.internal.tasks.execution.TaskExecution.executeActions(TaskExecution.java:212)
[        ] 	at org.gradle.api.internal.tasks.execution.TaskExecution.executeWithPreviousOutputFiles(TaskExecution.java:195)
[        ] 	at org.gradle.api.internal.tasks.execution.TaskExecution.execute(TaskExecution.java:162)
[        ] 	at org.gradle.internal.execution.steps.ExecuteStep.executeInternal(ExecuteStep.java:105)
[        ] 	at org.gradle.internal.execution.steps.ExecuteStep.access$000(ExecuteStep.java:44)
[        ] 	at org.gradle.internal.execution.steps.ExecuteStep$1.call(ExecuteStep.java:59)
[        ] 	at org.gradle.internal.execution.steps.ExecuteStep$1.call(ExecuteStep.java:56)
[        ] 	at org.gradle.internal.operations.DefaultBuildOperationRunner$CallableBuildOperationWorker.execute(DefaultBuildOperationRunner.java:210)
[        ] 	at org.gradle.internal.operations.DefaultBuildOperationRunner$CallableBuildOperationWorker.execute(DefaultBuildOperationRunner.java:205)
[        ] 	at org.gradle.internal.operations.DefaultBuildOperationRunner$2.execute(DefaultBuildOperationRunner.java:67)
[        ] 	at org.gradle.internal.operations.DefaultBuildOperationRunner$2.execute(DefaultBuildOperationRunner.java:60)
[        ] 	at org.gradle.internal.operations.DefaultBuildOperationRunner.execute(DefaultBuildOperationRunner.java:167)
[        ] 	at org.gradle.internal.operations.DefaultBuildOperationRunner.execute(DefaultBuildOperationRunner.java:60)
[        ] 	at org.gradle.internal.operations.DefaultBuildOperationRunner.call(DefaultBuildOperationRunner.java:54)
[        ] 	at org.gradle.internal.execution.steps.ExecuteStep.execute(ExecuteStep.java:56)
[        ] 	at org.gradle.internal.execution.steps.ExecuteStep.execute(ExecuteStep.java:44)
[        ] 	at org.gradle.internal.execution.steps.CancelExecutionStep.execute(CancelExecutionStep.java:42)
[        ] 	at org.gradle.internal.execution.steps.TimeoutStep.executeWithoutTimeout(TimeoutStep.java:75)
[        ] 	at org.gradle.internal.execution.steps.TimeoutStep.execute(TimeoutStep.java:55)
[        ] 	at org.gradle.internal.execution.steps.PreCreateOutputParentsStep.execute(PreCreateOutputParentsStep.java:50)
[        ] 	at org.gradle.internal.execution.steps.PreCreateOutputParentsStep.execute(PreCreateOutputParentsStep.java:28)
[        ] 	at org.gradle.internal.execution.steps.RemovePreviousOutputsStep.execute(RemovePreviousOutputsStep.java:67)
[        ] 	at org.gradle.internal.execution.steps.RemovePreviousOutputsStep.execute(RemovePreviousOutputsStep.java:37)
[        ] 	at org.gradle.internal.execution.steps.BroadcastChangingOutputsStep.execute(BroadcastChangingOutputsStep.java:61)
[        ] 	at org.gradle.internal.execution.steps.BroadcastChangingOutputsStep.execute(BroadcastChangingOutputsStep.java:26)
[        ] 	at org.gradle.internal.execution.steps.CaptureOutputsAfterExecutionStep.execute(CaptureOutputsAfterExecutionStep.java:69)
[        ] 	at org.gradle.internal.execution.steps.CaptureOutputsAfterExecutionStep.execute(CaptureOutputsAfterExecutionStep.java:46)
[        ] 	at org.gradle.internal.execution.steps.ResolveInputChangesStep.execute(ResolveInputChangesStep.java:40)
[        ] 	at org.gradle.internal.execution.steps.ResolveInputChangesStep.execute(ResolveInputChangesStep.java:29)
[        ] 	at org.gradle.internal.execution.steps.BuildCacheStep.executeWithoutCache(BuildCacheStep.java:189)
[        ] 	at org.gradle.internal.execution.steps.BuildCacheStep.lambda$execute$1(BuildCacheStep.java:75)
[        ] 	at org.gradle.internal.Either$Right.fold(Either.java:175)
[        ] 	at org.gradle.internal.execution.caching.CachingState.fold(CachingState.java:62)
[        ] 	at org.gradle.internal.execution.steps.BuildCacheStep.execute(BuildCacheStep.java:73)
[        ] 	at org.gradle.internal.execution.steps.BuildCacheStep.execute(BuildCacheStep.java:48)
[        ] 	at org.gradle.internal.execution.steps.StoreExecutionStateStep.execute(StoreExecutionStateStep.java:46)
[        ] 	at org.gradle.internal.execution.steps.StoreExecutionStateStep.execute(StoreExecutionStateStep.java:35)
[        ] 	at org.gradle.internal.execution.steps.SkipUpToDateStep.executeBecause(SkipUpToDateStep.java:75)
[        ] 	at org.gradle.internal.execution.steps.SkipUpToDateStep.lambda$execute$2(SkipUpToDateStep.java:53)
[        ] 	at java.base/java.util.Optional.orElseGet(Unknown Source)
[        ] 	at org.gradle.internal.execution.steps.SkipUpToDateStep.execute(SkipUpToDateStep.java:53)
[        ] 	at org.gradle.internal.execution.steps.SkipUpToDateStep.execute(SkipUpToDateStep.java:35)
[        ] 	at org.gradle.internal.execution.steps.legacy.MarkSnapshottingInputsFinishedStep.execute(MarkSnapshottingInputsFinishedStep.java:37)
[        ] 	at org.gradle.internal.execution.steps.legacy.MarkSnapshottingInputsFinishedStep.execute(MarkSnapshottingInputsFinishedStep.java:27)
[        ] 	at org.gradle.internal.execution.steps.ResolveIncrementalCachingStateStep.executeDelegate(ResolveIncrementalCachingStateStep.java:49)
[        ] 	at org.gradle.internal.execution.steps.ResolveIncrementalCachingStateStep.executeDelegate(ResolveIncrementalCachingStateStep.java:27)
[        ] 	at org.gradle.internal.execution.steps.AbstractResolveCachingStateStep.execute(AbstractResolveCachingStateStep.java:71)
[        ] 	at org.gradle.internal.execution.steps.AbstractResolveCachingStateStep.execute(AbstractResolveCachingStateStep.java:39)
[        ] 	at org.gradle.internal.execution.steps.ResolveChangesStep.execute(ResolveChangesStep.java:65)
[        ] 	at org.gradle.internal.execution.steps.ResolveChangesStep.execute(ResolveChangesStep.java:36)
[        ] 	at org.gradle.internal.execution.steps.ValidateStep.execute(ValidateStep.java:107)
[        ] 	at org.gradle.internal.execution.steps.ValidateStep.execute(ValidateStep.java:56)
[        ] 	at org.gradle.internal.execution.steps.AbstractCaptureStateBeforeExecutionStep.execute(AbstractCaptureStateBeforeExecutionStep.java:64)
[        ] 	at org.gradle.internal.execution.steps.AbstractCaptureStateBeforeExecutionStep.execute(AbstractCaptureStateBeforeExecutionStep.java:43)
[        ] 	at org.gradle.internal.execution.steps.AbstractSkipEmptyWorkStep.executeWithNonEmptySources(AbstractSkipEmptyWorkStep.java:125)
[        ] 	at org.gradle.internal.execution.steps.AbstractSkipEmptyWorkStep.execute(AbstractSkipEmptyWorkStep.java:56)
[        ] 	at org.gradle.internal.execution.steps.AbstractSkipEmptyWorkStep.execute(AbstractSkipEmptyWorkStep.java:36)
[        ] 	at org.gradle.internal.execution.steps.legacy.MarkSnapshottingInputsStartedStep.execute(MarkSnapshottingInputsStartedStep.java:38)
[        ] 	at org.gradle.internal.execution.steps.LoadPreviousExecutionStateStep.execute(LoadPreviousExecutionStateStep.java:36)
[        ] 	at org.gradle.internal.execution.steps.LoadPreviousExecutionStateStep.execute(LoadPreviousExecutionStateStep.java:23)
[        ] 	at org.gradle.internal.execution.steps.HandleStaleOutputsStep.execute(HandleStaleOutputsStep.java:75)
[        ] 	at org.gradle.internal.execution.steps.HandleStaleOutputsStep.execute(HandleStaleOutputsStep.java:41)
[        ] 	at org.gradle.internal.execution.steps.AssignMutableWorkspaceStep.lambda$execute$0(AssignMutableWorkspaceStep.java:35)
[        ] 	at org.gradle.api.internal.tasks.execution.TaskExecution$4.withWorkspace(TaskExecution.java:289)
[        ] 	at org.gradle.internal.execution.steps.AssignMutableWorkspaceStep.execute(AssignMutableWorkspaceStep.java:31)
[        ] 	at org.gradle.internal.execution.steps.AssignMutableWorkspaceStep.execute(AssignMutableWorkspaceStep.java:22)
[        ] 	at org.gradle.internal.execution.steps.ChoosePipelineStep.execute(ChoosePipelineStep.java:40)
[        ] 	at org.gradle.internal.execution.steps.ChoosePipelineStep.execute(ChoosePipelineStep.java:23)
[        ] 	at org.gradle.internal.execution.steps.ExecuteWorkBuildOperationFiringStep.lambda$execute$2(ExecuteWorkBuildOperationFiringStep.java:67)
[        ] 	at java.base/java.util.Optional.orElseGet(Unknown Source)
[        ] 	at org.gradle.internal.execution.steps.ExecuteWorkBuildOperationFiringStep.execute(ExecuteWorkBuildOperationFiringStep.java:67)
[        ] 	at org.gradle.internal.execution.steps.ExecuteWorkBuildOperationFiringStep.execute(ExecuteWorkBuildOperationFiringStep.java:39)
[        ] 	at org.gradle.internal.execution.steps.IdentityCacheStep.execute(IdentityCacheStep.java:46)
[        ] 	at org.gradle.internal.execution.steps.IdentityCacheStep.execute(IdentityCacheStep.java:34)
[        ] 	at org.gradle.internal.execution.steps.IdentifyStep.execute(IdentifyStep.java:48)
[        ] 	at org.gradle.internal.execution.steps.IdentifyStep.execute(IdentifyStep.java:35)
[        ] 	at org.gradle.internal.execution.impl.DefaultExecutionEngine$1.execute(DefaultExecutionEngine.java:64)
[        ] 	at org.gradle.api.internal.tasks.execution.ExecuteActionsTaskExecuter.executeIfValid(ExecuteActionsTaskExecuter.java:127)
[        ] 	at org.gradle.api.internal.tasks.execution.ExecuteActionsTaskExecuter.execute(ExecuteActionsTaskExecuter.java:116)
[        ] 	at org.gradle.api.internal.tasks.execution.ProblemsTaskPathTrackingTaskExecuter.execute(ProblemsTaskPathTrackingTaskExecuter.java:41)
[        ] 	at org.gradle.api.internal.tasks.execution.FinalizePropertiesTaskExecuter.execute(FinalizePropertiesTaskExecuter.java:46)
[        ] 	at org.gradle.api.internal.tasks.execution.ResolveTaskExecutionModeExecuter.execute(ResolveTaskExecutionModeExecuter.java:51)
[        ] 	at org.gradle.api.internal.tasks.execution.SkipTaskWithNoActionsExecuter.execute(SkipTaskWithNoActionsExecuter.java:57)
[        ] 	at org.gradle.api.internal.tasks.execution.SkipOnlyIfTaskExecuter.execute(SkipOnlyIfTaskExecuter.java:74)
[        ] 	at org.gradle.api.internal.tasks.execution.CatchExceptionTaskExecuter.execute(CatchExceptionTaskExecuter.java:36)
[        ] 	at org.gradle.api.internal.tasks.execution.EventFiringTaskExecuter$1.executeTask(EventFiringTaskExecuter.java:77)
[        ] 	at org.gradle.api.internal.tasks.execution.EventFiringTaskExecuter$1.call(EventFiringTaskExecuter.java:55)
[        ] 	at org.gradle.api.internal.tasks.execution.EventFiringTaskExecuter$1.call(EventFiringTaskExecuter.java:52)
[        ] 	at org.gradle.internal.operations.DefaultBuildOperationRunner$CallableBuildOperationWorker.execute(DefaultBuildOperationRunner.java:210)
[        ] 	at org.gradle.internal.operations.DefaultBuildOperationRunner$CallableBuildOperationWorker.execute(DefaultBuildOperationRunner.java:205)
[        ] 	at org.gradle.internal.operations.DefaultBuildOperationRunner$2.execute(DefaultBuildOperationRunner.java:67)
[        ] 	at org.gradle.internal.operations.DefaultBuildOperationRunner$2.execute(DefaultBuildOperationRunner.java:60)
[        ] 	at org.gradle.internal.operations.DefaultBuildOperationRunner.execute(DefaultBuildOperationRunner.java:167)
[        ] 	at org.gradle.internal.operations.DefaultBuildOperationRunner.execute(DefaultBuildOperationRunner.java:60)
[        ] 	at org.gradle.internal.operations.DefaultBuildOperationRunner.call(DefaultBuildOperationRunner.java:54)
[        ] 	at org.gradle.api.internal.tasks.execution.EventFiringTaskExecuter.execute(EventFiringTaskExecuter.java:52)
[        ] 	at org.gradle.execution.plan.LocalTaskNodeExecutor.execute(LocalTaskNodeExecutor.java:42)
[        ] 	at org.gradle.execution.taskgraph.DefaultTaskExecutionGraph$InvokeNodeExecutorsAction.execute(DefaultTaskExecutionGraph.java:331)
[        ] 	at org.gradle.execution.taskgraph.DefaultTaskExecutionGraph$InvokeNodeExecutorsAction.execute(DefaultTaskExecutionGraph.java:318)
[        ] 	at org.gradle.execution.taskgraph.DefaultTaskExecutionGraph$BuildOperationAwareExecutionAction.lambda$execute$0(DefaultTaskExecutionGraph.java:314)
[        ] 	at org.gradle.internal.operations.CurrentBuildOperationRef.with(CurrentBuildOperationRef.java:85)
[        ] 	at org.gradle.execution.taskgraph.DefaultTaskExecutionGraph$BuildOperationAwareExecutionAction.execute(DefaultTaskExecutionGraph.java:314)
[        ] 	at org.gradle.execution.taskgraph.DefaultTaskExecutionGraph$BuildOperationAwareExecutionAction.execute(DefaultTaskExecutionGraph.java:303)
[        ] 	at org.gradle.execution.plan.DefaultPlanExecutor$ExecutorWorker.execute(DefaultPlanExecutor.java:459)
[        ] 	at org.gradle.execution.plan.DefaultPlanExecutor$ExecutorWorker.run(DefaultPlanExecutor.java:376)
[        ] 	at org.gradle.internal.concurrent.ExecutorPolicy$CatchAndRecordFailures.onExecute(ExecutorPolicy.java:64)
[        ] 	at org.gradle.internal.concurrent.AbstractManagedExecutor$1.run(AbstractManagedExecutor.java:48)
[        ] 	at java.base/java.util.concurrent.ThreadPoolExecutor.runWorker(Unknown Source)
[        ] 	at java.base/java.util.concurrent.ThreadPoolExecutor$Worker.run(Unknown Source)
[        ] 	at java.base/java.lang.Thread.run(Unknown Source)
[        ] Deprecated Gradle features were used in this build, making it incompatible with Gradle 9.0.
[        ] You can use '--warning-mode all' to show the individual deprecation warnings and determine if they come from your own scripts or plugins.
[        ] For more on this, please refer to https://docs.gradle.org/8.14/userguide/command_line_interface.html#sec:command_line_warnings in the Gradle documentation.
[        ] 6 actionable tasks: 2 executed, 4 up-to-date
[        ] BUILD FAILED in 10s
[  +82 ms] Watched directory hierarchies: [C:\flutter\packages\flutter_tools\gradle, Y:\okuma\readhero\android]
[ +122 ms] Running Gradle task 'assembleDebug'... (completed in 11,0s)
[  +26 ms] Error: Gradle task assembleDebug failed with exit code 1
[   +1 ms] "flutter run" took 14.113ms.
[ +117 ms] 
           #0      throwToolExit (package:flutter_tools/src/base/common.dart:34:3)
           #1      RunCommand.runCommand (package:flutter_tools/src/commands/run.dart:897:9)
           <asynchronous suspension>
           #2      FlutterCommand.run.<anonymous closure> (package:flutter_tools/src/runner/flutter_command.dart:1559:27)
           <asynchronous suspension>
           #3      AppContext.run.<anonymous closure> (package:flutter_tools/src/base/context.dart:154:19)
           <asynchronous suspension>
           #4      CommandRunner.runCommand (package:args/command_runner.dart:212:13)
           <asynchronous suspension>
           #5      FlutterCommandRunner.runCommand.<anonymous closure> (package:flutter_tools/src/runner/flutter_command_runner.dart:487:9)
           <asynchronous suspension>
           #6      AppContext.run.<anonymous closure> (package:flutter_tools/src/base/context.dart:154:19)
           <asynchronous suspension>
           #7      FlutterCommandRunner.runCommand (package:flutter_tools/src/runner/flutter_command_runner.dart:422:5)
           <asynchronous suspension>
           #8      run.<anonymous closure>.<anonymous closure> (package:flutter_tools/runner.dart:104:11)
           <asynchronous suspension>
           #9      AppContext.run.<anonymous closure> (package:flutter_tools/src/base/context.dart:154:19)
           <asynchronous suspension>
           #10     main (package:flutter_tools/executable.dart:103:3)
           <asynchronous suspension>


[        ] Running 3 shutdown hooks
[  +20 ms] Shutdown hooks complete
[ +189 ms] exiting with code 1
